"GET /bag/ HTTP/1.1" 200 12872
"GET / HTTP/1.1" 200 9674
"GET /products/ HTTP/1.1" 200 24248
"GET /products/?category=medical HTTP/1.1" 200 24075
"GET /products/?category=biography HTTP/1.1" 200 23886
"GET /products/?category=computing HTTP/1.1" 200 24133
"GET /products/?category=crime-thriller HTTP/1.1" 200 23926
"GET / HTTP/1.1" 200 9674
"GET /products/?category=crime-thriller HTTP/1.1" 200 23926
"GET / HTTP/1.1" 200 9674
"GET /products/ HTTP/1.1" 200 24248
"GET /products/?sort=name&direction=asc HTTP/1.1" 200 24248
"GET /products/?sort=name&direction=desc HTTP/1.1" 200 24249
"GET /products/ HTTP/1.1" 200 24248
"GET /products/?category=medical HTTP/1.1" 200 24075
"GET /products/?category=biography HTTP/1.1" 200 23886
"GET /products/?category=computing HTTP/1.1" 200 24133
"GET /products/?category=crime-thriller HTTP/1.1" 200 23926
Watching for file changes with StatReloader
"GET / HTTP/1.1" 200 9674
"GET /static/css/base.css HTTP/1.1" 200 9169
"GET /media/Hero_Image.png HTTP/1.1" 200 2678314
"GET /media/icons8-quill-pen-32.png HTTP/1.1" 200 605
"GET /accounts/login/ HTTP/1.1" 200 9911
Not Found: /accounts/login/media/icons8-quill-pen-32.png
"GET /accounts/login/media/icons8-quill-pen-32.png HTTP/1.1" 404 6882
"GET /accounts/login/ HTTP/1.1" 200 10142
"GET /static/css/base.css HTTP/1.1" 200 9169
"GET /accounts/signup/ HTTP/1.1" 200 10068
Not Found: /accounts/signup/media/icons8-quill-pen-32.png
"GET /accounts/signup/media/icons8-quill-pen-32.png HTTP/1.1" 404 6885
"GET /accounts/signup/ HTTP/1.1" 200 10991
"GET /accounts/signup/ HTTP/1.1" 200 10991
"GET /static/css/base.css HTTP/1.1" 200 9169
"GET /accounts/login/ HTTP/1.1" 200 10142
"POST /accounts/login/ HTTP/1.1" 302 0
"GET / HTTP/1.1" 200 9983
"GET /media/Hero_Image.png HTTP/1.1" 200 2678314
"GET /products/add/ HTTP/1.1" 200 17620
Not Found: /products/add/media/icons8-quill-pen-32.png
"GET /products/add/media/icons8-quill-pen-32.png HTTP/1.1" 404 4519
"GET /products/author/ HTTP/1.1" 200 10097
Not Found: /products/author/media/icons8-quill-pen-32.png
"GET /products/author/media/icons8-quill-pen-32.png HTTP/1.1" 404 4528
"GET / HTTP/1.1" 200 9983
"GET /products/ HTTP/1.1" 200 24557
"GET /static/products/css/products.css HTTP/1.1" 200 11931
"GET /static/products/js/lazyload.js HTTP/1.1" 200 1991
Not Found: /products/media/icons8-quill-pen-32.png
"GET /products/media/icons8-quill-pen-32.png HTTP/1.1" 404 4507
"GET /accounts/logout/ HTTP/1.1" 200 9031
Not Found: /accounts/logout/media/icons8-quill-pen-32.png
"GET /accounts/logout/media/icons8-quill-pen-32.png HTTP/1.1" 404 6885
"GET /accounts/logout/ HTTP/1.1" 200 9239
"POST /accounts/logout/ HTTP/1.1" 302 0
"GET / HTTP/1.1" 200 9674
"GET /accounts/login/ HTTP/1.1" 200 10142
"GET /accounts/signup/ HTTP/1.1" 200 10991
"GET /accounts/login/ HTTP/1.1" 200 10142
"POST /accounts/login/ HTTP/1.1" 302 0
"GET / HTTP/1.1" 200 9983
"GET /products/?category=computing HTTP/1.1" 200 24442
"GET /profile/ HTTP/1.1" 200 26029
"GET /static/js/countryfield.js HTTP/1.1" 404 1813
"GET /static/flags/ao.gif HTTP/1.1" 404 1795
"GET /media/profiles/Screenshot_2024-01-02_145000_jgICuao.webp HTTP/1.1" 200 8696
Not Found: /profile/media/icons8-quill-pen-32.png
"GET /profile/media/icons8-quill-pen-32.png HTTP/1.1" 404 3549
"GET /products/?category=computing HTTP/1.1" 200 24442
"POST /bag/add/3166/ HTTP/1.1" 302 0
"GET /products/ HTTP/1.1" 200 24557
"GET /products/ HTTP/1.1" 200 23955
"POST /bag/add/3181/ HTTP/1.1" 302 0
"GET /products/ HTTP/1.1" 200 23955
"POST /bag/add/1794/ HTTP/1.1" 302 0
"GET /products/ HTTP/1.1" 200 23955
"GET /bag/ HTTP/1.1" 200 14475
Not Found: /bag/media/icons8-quill-pen-32.png
"GET /bag/media/icons8-quill-pen-32.png HTTP/1.1" 404 3908
"GET / HTTP/1.1" 200 9983
"GET /bag/ HTTP/1.1" 200 14475
"GET / HTTP/1.1" 200 9983
Watching for file changes with StatReloader
"GET / HTTP/1.1" 200 9674
"GET /static/css/base.css HTTP/1.1" 200 9169
"GET /media/Hero_Image.png HTTP/1.1" 200 2678314
"GET /media/icons8-quill-pen-32.png HTTP/1.1" 200 605
"GET /accounts/login/ HTTP/1.1" 200 10142
Not Found: /accounts/login/media/icons8-quill-pen-32.png
"GET /accounts/login/media/icons8-quill-pen-32.png HTTP/1.1" 404 6882
"POST /accounts/login/ HTTP/1.1" 302 0
"GET / HTTP/1.1" 200 9983
"GET /profile/ HTTP/1.1" 200 26029
"GET /static/js/countryfield.js HTTP/1.1" 404 1813
"GET /media/profiles/Screenshot_2024-01-02_145000_jgICuao.webp HTTP/1.1" 200 8696
"GET /static/products/css/products.css HTTP/1.1" 200 11931
"GET /static/flags/ao.gif HTTP/1.1" 404 1795
Not Found: /profile/media/icons8-quill-pen-32.png
"GET /profile/media/icons8-quill-pen-32.png HTTP/1.1" 404 3549
"GET /profile/ HTTP/1.1" 200 0
Not Found: /favicon.ico
"GET /favicon.ico HTTP/1.1" 404 3197
"GET /profile/ HTTP/1.1" 200 26029
"GET /static/flags/ao.gif HTTP/1.1" 404 1795
"GET /static/js/countryfield.js HTTP/1.1" 404 1813
"POST /profile/ HTTP/1.1" 302 0
"GET /profile/ HTTP/1.1" 200 26029
"GET /static/flags/ao.gif HTTP/1.1" 404 1795
"GET /static/js/countryfield.js HTTP/1.1" 404 1813
Watching for file changes with StatReloader
"GET / HTTP/1.1" 200 9674
"GET /static/css/base.css HTTP/1.1" 200 9169
"GET /media/Hero_Image.png HTTP/1.1" 200 2678314
"GET /media/icons8-quill-pen-32.png HTTP/1.1" 200 605
"GET /accounts/login/ HTTP/1.1" 200 10142
Not Found: /accounts/login/media/icons8-quill-pen-32.png
"GET /accounts/login/media/icons8-quill-pen-32.png HTTP/1.1" 404 6882
"POST /accounts/login/ HTTP/1.1" 302 0
"GET / HTTP/1.1" 200 9983
"GET /profile/ HTTP/1.1" 200 11519
"GET /static/css/profile.css HTTP/1.1" 404 1804
"GET /static/js/countryfield.js HTTP/1.1" 404 1813
"GET /static/js/profile.js HTTP/1.1" 200 1196
"GET /static/products/css/products.css HTTP/1.1" 200 11931
"GET /media/profiles/Screenshot_2024-01-02_145000_jgICuao.webp HTTP/1.1" 200 8696
Not Found: /profile/media/icons8-quill-pen-32.png
"GET /profile/media/icons8-quill-pen-32.png HTTP/1.1" 404 3549
"GET /static/css/profile.css HTTP/1.1" 404 1804
"GET /profile/ HTTP/1.1" 200 11519
"GET /static/js/profile.js HTTP/1.1" 304 0
"GET /static/js/countryfield.js HTTP/1.1" 404 1813
"GET /static/css/profile.css HTTP/1.1" 200 2797
"GET /profile/ HTTP/1.1" 200 11519
"GET /static/js/countryfield.js HTTP/1.1" 404 1813
"GET /static/css/profile.css HTTP/1.1" 200 2626
"GET /profile/ HTTP/1.1" 200 11519
"GET /static/css/base.css HTTP/1.1" 200 9169
"GET /static/css/profile.css HTTP/1.1" 200 1548
"GET /static/products/css/products.css HTTP/1.1" 200 11931
"GET /static/js/countryfield.js HTTP/1.1" 404 1813
"GET /static/js/profile.js HTTP/1.1" 200 1196
"GET /media/profiles/Screenshot_2024-01-02_145000_jgICuao.webp HTTP/1.1" 200 8696
Not Found: /profile/link-to-about-us
"GET /profile/link-to-about-us HTTP/1.1" 404 3510
Not Found: /favicon.ico
"GET /favicon.ico HTTP/1.1" 404 3197
Not Found: /profile/link-to-privacy-policy
"GET /profile/link-to-privacy-policy HTTP/1.1" 404 3528
Not Found: /profile/link-to-contact-us
"GET /profile/link-to-contact-us HTTP/1.1" 404 3516
Not Found: /profile/link-to-faq
"GET /profile/link-to-faq HTTP/1.1" 404 3495
/mnt/c/Users/likwi/OneDrive/Desktop/PROJS/Quill/home/urls.py changed, reloading.
Watching for file changes with StatReloader
/mnt/c/Users/likwi/OneDrive/Desktop/PROJS/Quill/home/urls.py changed, reloading.
Watching for file changes with StatReloader
/mnt/c/Users/likwi/OneDrive/Desktop/PROJS/Quill/home/urls.py changed, reloading.
Watching for file changes with StatReloader
/mnt/c/Users/likwi/OneDrive/Desktop/PROJS/Quill/home/urls.py changed, reloading.
Watching for file changes with StatReloader
/mnt/c/Users/likwi/OneDrive/Desktop/PROJS/Quill/home/urls.py changed, reloading.
Watching for file changes with StatReloader
/mnt/c/Users/likwi/OneDrive/Desktop/PROJS/Quill/home/urls.py changed, reloading.
Watching for file changes with StatReloader
/mnt/c/Users/likwi/OneDrive/Desktop/PROJS/Quill/home/urls.py changed, reloading.
Watching for file changes with StatReloader
/mnt/c/Users/likwi/OneDrive/Desktop/PROJS/Quill/home/urls.py changed, reloading.
Watching for file changes with StatReloader
/mnt/c/Users/likwi/OneDrive/Desktop/PROJS/Quill/home/urls.py changed, reloading.
Watching for file changes with StatReloader
/mnt/c/Users/likwi/OneDrive/Desktop/PROJS/Quill/home/urls.py changed, reloading.
Watching for file changes with StatReloader
/mnt/c/Users/likwi/OneDrive/Desktop/PROJS/Quill/home/urls.py changed, reloading.
Watching for file changes with StatReloader
/mnt/c/Users/likwi/OneDrive/Desktop/PROJS/Quill/home/urls.py changed, reloading.
Watching for file changes with StatReloader
/mnt/c/Users/likwi/OneDrive/Desktop/PROJS/Quill/home/urls.py changed, reloading.
Watching for file changes with StatReloader
/mnt/c/Users/likwi/OneDrive/Desktop/PROJS/Quill/home/urls.py changed, reloading.
Watching for file changes with StatReloader
/mnt/c/Users/likwi/OneDrive/Desktop/PROJS/Quill/home/urls.py changed, reloading.
Watching for file changes with StatReloader
/mnt/c/Users/likwi/OneDrive/Desktop/PROJS/Quill/home/urls.py changed, reloading.
Watching for file changes with StatReloader
/mnt/c/Users/likwi/OneDrive/Desktop/PROJS/Quill/home/views.py changed, reloading.
Watching for file changes with StatReloader
/mnt/c/Users/likwi/OneDrive/Desktop/PROJS/Quill/home/urls.py changed, reloading.
Watching for file changes with StatReloader
/mnt/c/Users/likwi/OneDrive/Desktop/PROJS/Quill/home/urls.py changed, reloading.
Watching for file changes with StatReloader
"GET / HTTP/1.1" 200 9983
"GET / HTTP/1.1" 200 9983
Not Found: /link-to-about-us
"GET /link-to-about-us HTTP/1.1" 404 3568
/mnt/c/Users/likwi/OneDrive/Desktop/PROJS/Quill/home/urls.py changed, reloading.
Watching for file changes with StatReloader
"GET / HTTP/1.1" 200 9983
Not Found: /link-to-about-us
"GET /link-to-about-us HTTP/1.1" 404 3415
Internal Server Error: /
Traceback (most recent call last):
  File "/home/gbemi/.local/lib/python3.10/site-packages/django/core/handlers/exception.py", line 55, in inner
    response = get_response(request)
  File "/home/gbemi/.local/lib/python3.10/site-packages/django/core/handlers/base.py", line 197, in _get_response
    response = wrapped_callback(request, *callback_args, **callback_kwargs)
  File "/mnt/c/Users/likwi/OneDrive/Desktop/PROJS/Quill/home/views.py", line 8, in index
    return render(request, 'home/index.html')
  File "/home/gbemi/.local/lib/python3.10/site-packages/django/shortcuts.py", line 24, in render
    content = loader.render_to_string(template_name, context, request, using=using)
  File "/home/gbemi/.local/lib/python3.10/site-packages/django/template/loader.py", line 62, in render_to_string
    return template.render(context, request)
  File "/home/gbemi/.local/lib/python3.10/site-packages/django/template/backends/django.py", line 61, in render
    return self.template.render(context)
  File "/home/gbemi/.local/lib/python3.10/site-packages/django/template/base.py", line 175, in render
    return self._render(context)
  File "/home/gbemi/.local/lib/python3.10/site-packages/django/template/base.py", line 167, in _render
    return self.nodelist.render(context)
  File "/home/gbemi/.local/lib/python3.10/site-packages/django/template/base.py", line 1005, in render
    return SafeString("".join([node.render_annotated(context) for node in self]))
  File "/home/gbemi/.local/lib/python3.10/site-packages/django/template/base.py", line 1005, in <listcomp>
    return SafeString("".join([node.render_annotated(context) for node in self]))
  File "/home/gbemi/.local/lib/python3.10/site-packages/django/template/base.py", line 966, in render_annotated
    return self.render(context)
  File "/home/gbemi/.local/lib/python3.10/site-packages/django/template/loader_tags.py", line 157, in render
    return compiled_parent._render(context)
  File "/home/gbemi/.local/lib/python3.10/site-packages/django/template/base.py", line 167, in _render
    return self.nodelist.render(context)
  File "/home/gbemi/.local/lib/python3.10/site-packages/django/template/base.py", line 1005, in render
    return SafeString("".join([node.render_annotated(context) for node in self]))
  File "/home/gbemi/.local/lib/python3.10/site-packages/django/template/base.py", line 1005, in <listcomp>
    return SafeString("".join([node.render_annotated(context) for node in self]))
  File "/home/gbemi/.local/lib/python3.10/site-packages/django/template/base.py", line 966, in render_annotated
    return self.render(context)
  File "/home/gbemi/.local/lib/python3.10/site-packages/django/template/loader_tags.py", line 63, in render
    result = block.nodelist.render(context)
  File "/home/gbemi/.local/lib/python3.10/site-packages/django/template/base.py", line 1005, in render
    return SafeString("".join([node.render_annotated(context) for node in self]))
  File "/home/gbemi/.local/lib/python3.10/site-packages/django/template/base.py", line 1005, in <listcomp>
    return SafeString("".join([node.render_annotated(context) for node in self]))
  File "/home/gbemi/.local/lib/python3.10/site-packages/django/template/base.py", line 966, in render_annotated
    return self.render(context)
  File "/home/gbemi/.local/lib/python3.10/site-packages/django/template/defaulttags.py", line 471, in render
    url = reverse(view_name, args=args, kwargs=kwargs, current_app=current_app)
  File "/home/gbemi/.local/lib/python3.10/site-packages/django/urls/base.py", line 88, in reverse
    return resolver._reverse_with_prefix(view, prefix, *args, **kwargs)
  File "/home/gbemi/.local/lib/python3.10/site-packages/django/urls/resolvers.py", line 828, in _reverse_with_prefix
    raise NoReverseMatch(msg)
django.urls.exceptions.NoReverseMatch: Reverse for 'faq' not found. 'faq' is not a valid view function or pattern name.
"GET / HTTP/1.1" 500 173438
/mnt/c/Users/likwi/OneDrive/Desktop/PROJS/Quill/home/urls.py changed, reloading.
Watching for file changes with StatReloader
/mnt/c/Users/likwi/OneDrive/Desktop/PROJS/Quill/home/urls.py changed, reloading.
Watching for file changes with StatReloader
/mnt/c/Users/likwi/OneDrive/Desktop/PROJS/Quill/home/urls.py changed, reloading.
Watching for file changes with StatReloader
/mnt/c/Users/likwi/OneDrive/Desktop/PROJS/Quill/home/urls.py changed, reloading.
Watching for file changes with StatReloader
/mnt/c/Users/likwi/OneDrive/Desktop/PROJS/Quill/home/urls.py changed, reloading.
Watching for file changes with StatReloader
/mnt/c/Users/likwi/OneDrive/Desktop/PROJS/Quill/home/views.py changed, reloading.
Watching for file changes with StatReloader
/mnt/c/Users/likwi/OneDrive/Desktop/PROJS/Quill/home/views.py changed, reloading.
Watching for file changes with StatReloader
/mnt/c/Users/likwi/OneDrive/Desktop/PROJS/Quill/home/views.py changed, reloading.
Watching for file changes with StatReloader
/mnt/c/Users/likwi/OneDrive/Desktop/PROJS/Quill/home/views.py changed, reloading.
Watching for file changes with StatReloader
/mnt/c/Users/likwi/OneDrive/Desktop/PROJS/Quill/home/views.py changed, reloading.
Watching for file changes with StatReloader
"GET / HTTP/1.1" 200 10004
"GET /static/images/instagram-icon.png HTTP/1.1" 404 1834
"GET /static/images/facebook-icon.png HTTP/1.1" 404 1831
"GET /static/images/twitter-icon.png HTTP/1.1" 404 1828
Not Found: /link-to-facebook
"GET /link-to-facebook HTTP/1.1" 404 3577
"GET / HTTP/1.1" 200 9995
"GET /static/images/facebook-icon.png HTTP/1.1" 404 1831
"GET /static/images/twitter-icon.png HTTP/1.1" 404 1828
"GET /static/images/instagram-icon.png HTTP/1.1" 404 1834
"GET / HTTP/1.1" 200 9995
"GET /static/images/facebook-icon.png HTTP/1.1" 404 1831
"GET /static/images/twitter-icon.png HTTP/1.1" 404 1828
"GET /static/images/instagram-icon.png HTTP/1.1" 404 1834
"GET / HTTP/1.1" 200 9571
"GET /static/css/base.css HTTP/1.1" 200 9169
"GET /media/Hero_Image.png HTTP/1.1" 200 2678314
"GET /about_us HTTP/1.1" 200 5846
"GET /about_us HTTP/1.1" 200 5722
"GET /static/css/base.css HTTP/1.1" 200 9169
"GET /about_us HTTP/1.1" 200 9685
"GET /about_us HTTP/1.1" 200 9862
"GET /static/css/base.css HTTP/1.1" 200 9169
"GET /products/ HTTP/1.1" 200 23543
"GET /static/products/js/lazyload.js HTTP/1.1" 200 1991
Not Found: /products/media/icons8-quill-pen-32.png
"GET /products/media/icons8-quill-pen-32.png HTTP/1.1" 404 4872
"GET / HTTP/1.1" 200 9571
"GET /about_us HTTP/1.1" 200 9862
"GET /privacy_policy HTTP/1.1" 200 17889
"GET /privacy_policy HTTP/1.1" 200 17865
"GET /products/ HTTP/1.1" 200 23543
"GET / HTTP/1.1" 200 9571
"GET /faq HTTP/1.1" 200 10825
"GET /faq HTTP/1.1" 200 14540
"GET /static/css/base.css HTTP/1.1" 200 9169
"GET /faq HTTP/1.1" 200 13874
"GET /static/css/base.css HTTP/1.1" 200 9169
"GET /faq HTTP/1.1" 200 14421
"GET /static/css/base.css HTTP/1.1" 200 9169
"GET /faq HTTP/1.1" 200 14451
"GET /static/css/base.css HTTP/1.1" 200 9169
"GET / HTTP/1.1" 200 9571
"GET /faq HTTP/1.1" 200 14451
"GET /privacy_policy HTTP/1.1" 200 17865
"GET /about_us HTTP/1.1" 200 9862
"GET / HTTP/1.1" 200 9571
Watching for file changes with StatReloader
"GET / HTTP/1.1" 200 9262
"GET /static/css/base.css HTTP/1.1" 200 9169
"GET /media/Hero_Image.png HTTP/1.1" 200 2678314
"GET /media/icons8-quill-pen-32.png HTTP/1.1" 200 605
"GET /products/?category=crime-thriller HTTP/1.1" 200 22944
"GET /static/products/css/products.css HTTP/1.1" 200 11931
"GET /static/products/js/lazyload.js HTTP/1.1" 200 1991
Not Found: /products/media/icons8-quill-pen-32.png
"GET /products/media/icons8-quill-pen-32.png HTTP/1.1" 404 4872
"GET /bag/ HTTP/1.1" 200 9980
Not Found: /bag/media/icons8-quill-pen-32.png
"GET /bag/media/icons8-quill-pen-32.png HTTP/1.1" 404 4273
"GET / HTTP/1.1" 200 9262
"GET /products/?category=biography HTTP/1.1" 200 22904
"GET / HTTP/1.1" 200 9262
"GET /faq HTTP/1.1" 200 14142
"GET / HTTP/1.1" 200 9262
"GET /privacy_policy HTTP/1.1" 200 17556
"GET / HTTP/1.1" 200 9262
"GET /privacy_policy HTTP/1.1" 200 17556
"GET /privacy_policy HTTP/1.1" 200 17556
"GET /privacy_policy HTTP/1.1" 200 17556
"GET /privacy_policy HTTP/1.1" 200 17556
"GET /about_us HTTP/1.1" 200 9553
"GET /privacy_policy HTTP/1.1" 200 17556
"GET /faq HTTP/1.1" 200 14192
"GET /static/css/faq.css HTTP/1.1" 200 615
"GET /faq HTTP/1.1" 200 14192
"GET /privacy_policy HTTP/1.1" 200 17607
"GET /privacy_policy HTTP/1.1" 200 17607
"GET /privacy_policy HTTP/1.1" 200 17607
"GET /privacy_policy HTTP/1.1" 200 17607
"GET /faq HTTP/1.1" 200 14142
"GET /faq HTTP/1.1" 200 14142
"GET /faq HTTP/1.1" 200 14192
"GET /faq HTTP/1.1" 200 14192
"GET /faq HTTP/1.1" 200 14192
"GET /privacy_policy HTTP/1.1" 200 17607
"GET /privacy_policy HTTP/1.1" 200 17606
"GET /privacy_policy HTTP/1.1" 200 17606
"GET /privacy_policy HTTP/1.1" 200 17606
"GET /privacy_policy HTTP/1.1" 200 17606
"GET /privacy_policy HTTP/1.1" 200 17606
"GET /static/css/base.css HTTP/1.1" 200 9169
"GET /static/css/faq.css HTTP/1.1" 200 615
"GET /products/ HTTP/1.1" 200 23234
"GET / HTTP/1.1" 200 9262
"GET / HTTP/1.1" 200 9262
"GET /products/?category=computing HTTP/1.1" 200 23151
"POST /bag/add/3169/ HTTP/1.1" 302 0
"GET /products/ HTTP/1.1" 200 23234
"GET /bag/ HTTP/1.1" 200 11173
"GET /checkout/ HTTP/1.1" 200 23193
"GET /static/css/checkout.css HTTP/1.1" 200 542
"GET /static/js/stripe_element.js HTTP/1.1" 200 1876
Not Found: /checkout/media/icons8-quill-pen-32.png
"GET /checkout/media/icons8-quill-pen-32.png HTTP/1.1" 404 4130
"POST /checkout/ HTTP/1.1" 302 0
"GET /checkout/checkout_success/105A4C60C5C64CDC9E7B2B04E0972C96/ HTTP/1.1" 200 5755
"GET /static/checkout/css/checkout.css HTTP/1.1" 404 1834
Not Found: /checkout/checkout_success/105A4C60C5C64CDC9E7B2B04E0972C96/media/icons8-quill-pen-32.png
"GET /checkout/checkout_success/105A4C60C5C64CDC9E7B2B04E0972C96/media/icons8-quill-pen-32.png HTTP/1.1" 404 4280
"GET /products/ HTTP/1.1" 200 23234
"GET /products/ HTTP/1.1" 200 23234
Internal Server Error: /products/
Traceback (most recent call last):
  File "/home/gbemi/.local/lib/python3.10/site-packages/django/template/backends/django.py", line 61, in render
    return self.template.render(context)
  File "/home/gbemi/.local/lib/python3.10/site-packages/django/template/base.py", line 175, in render
    return self._render(context)
  File "/home/gbemi/.local/lib/python3.10/site-packages/django/template/base.py", line 167, in _render
    return self.nodelist.render(context)
  File "/home/gbemi/.local/lib/python3.10/site-packages/django/template/base.py", line 1005, in render
    return SafeString("".join([node.render_annotated(context) for node in self]))
  File "/home/gbemi/.local/lib/python3.10/site-packages/django/template/base.py", line 1005, in <listcomp>
    return SafeString("".join([node.render_annotated(context) for node in self]))
  File "/home/gbemi/.local/lib/python3.10/site-packages/django/template/base.py", line 966, in render_annotated
    return self.render(context)
  File "/home/gbemi/.local/lib/python3.10/site-packages/django/template/loader_tags.py", line 157, in render
    return compiled_parent._render(context)
  File "/home/gbemi/.local/lib/python3.10/site-packages/django/template/base.py", line 167, in _render
    return self.nodelist.render(context)
  File "/home/gbemi/.local/lib/python3.10/site-packages/django/template/base.py", line 1005, in render
    return SafeString("".join([node.render_annotated(context) for node in self]))
  File "/home/gbemi/.local/lib/python3.10/site-packages/django/template/base.py", line 1005, in <listcomp>
    return SafeString("".join([node.render_annotated(context) for node in self]))
  File "/home/gbemi/.local/lib/python3.10/site-packages/django/template/base.py", line 966, in render_annotated
    return self.render(context)
  File "/home/gbemi/.local/lib/python3.10/site-packages/django/template/loader_tags.py", line 197, in render
    template = context.template.engine.select_template(template_name)
  File "/home/gbemi/.local/lib/python3.10/site-packages/django/template/engine.py", line 212, in select_template
    raise TemplateDoesNotExist(", ".join(not_found))
django.template.exceptions.TemplateDoesNotExist: includes/toasts/toasts.html

The above exception was the direct cause of the following exception:

Traceback (most recent call last):
  File "/home/gbemi/.local/lib/python3.10/site-packages/django/core/handlers/exception.py", line 55, in inner
    response = get_response(request)
  File "/home/gbemi/.local/lib/python3.10/site-packages/django/core/handlers/base.py", line 197, in _get_response
    response = wrapped_callback(request, *callback_args, **callback_kwargs)
  File "/mnt/c/Users/likwi/OneDrive/Desktop/PROJS/Quill/products/views.py", line 89, in all_products
    return render(request, "products/products.html", context)
  File "/home/gbemi/.local/lib/python3.10/site-packages/django/shortcuts.py", line 24, in render
    content = loader.render_to_string(template_name, context, request, using=using)
  File "/home/gbemi/.local/lib/python3.10/site-packages/django/template/loader.py", line 62, in render_to_string
    return template.render(context, request)
  File "/home/gbemi/.local/lib/python3.10/site-packages/django/template/backends/django.py", line 63, in render
    reraise(exc, self.backend)
  File "/home/gbemi/.local/lib/python3.10/site-packages/django/template/backends/django.py", line 84, in reraise
    raise new from exc
django.template.exceptions.TemplateDoesNotExist: includes/toasts/toasts.html
"GET /products/ HTTP/1.1" 500 162892
Not Found: /favicon.ico
"GET /favicon.ico HTTP/1.1" 404 3562
Watching for file changes with StatReloader
Watching for file changes with StatReloader
Watching for file changes with StatReloader
Watching for file changes with StatReloader
Watching for file changes with StatReloader
"GET / HTTP/1.1" 200 9995
"GET /static/css/base.css HTTP/1.1" 200 9169
"GET /media/Hero_Image.png HTTP/1.1" 200 2678314
"GET /media/icons8-quill-pen-32.png HTTP/1.1" 200 605
"GET /products/?category=computing HTTP/1.1" 200 23884
"GET /static/products/css/products.css HTTP/1.1" 200 11931
"GET /static/products/js/lazyload.js HTTP/1.1" 200 1991
Not Found: /products/media/icons8-quill-pen-32.png
"GET /products/media/icons8-quill-pen-32.png HTTP/1.1" 404 4872
"POST /bag/add/3166/ HTTP/1.1" 302 0
"GET /products/ HTTP/1.1" 200 27253
Not Found: /media/noimage.png
"GET /media/noimage.png HTTP/1.1" 404 3795
"POST /bag/add/1794/ HTTP/1.1" 302 0
"GET /products/ HTTP/1.1" 200 28289
Not Found: /media/noimage.png
"GET /media/noimage.png HTTP/1.1" 404 3795
"POST /bag/add/3181/ HTTP/1.1" 302 0
"GET /products/ HTTP/1.1" 200 29297
Not Found: /media/noimage.png
"GET /media/noimage.png HTTP/1.1" 404 3795
"GET /products/ HTTP/1.1" 200 23967
"POST /bag/add/3166/ HTTP/1.1" 302 0
"GET /products/ HTTP/1.1" 200 29350
Not Found: /media/noimage.png
"GET /media/noimage.png HTTP/1.1" 404 3795
"GET /products/ HTTP/1.1" 200 23967
"GET /static/products/css/products.css HTTP/1.1" 200 11931
"GET /static/css/base.css HTTP/1.1" 200 9315
"GET /static/products/js/lazyload.js HTTP/1.1" 200 1991
"POST /bag/add/3175/ HTTP/1.1" 302 0
"GET /products/ HTTP/1.1" 200 30452
Not Found: /media/noimage.png
"GET /media/noimage.png HTTP/1.1" 404 3795
"GET /products/ HTTP/1.1" 200 23967
"GET /static/css/base.css HTTP/1.1" 200 8502
"GET /static/products/css/products.css HTTP/1.1" 200 11931
"GET /static/products/js/lazyload.js HTTP/1.1" 200 1991
"POST /bag/add/3175/ HTTP/1.1" 302 0
"GET /products/ HTTP/1.1" 200 30452
Not Found: /media/noimage.png
"GET /media/noimage.png HTTP/1.1" 404 3795
"GET /static/css/base.css HTTP/1.1" 304 0
Not Found: /media/noimage.png
"GET /media/noimage.png HTTP/1.1" 404 3795
"GET /products/ HTTP/1.1" 200 23914
"GET / HTTP/1.1" 200 9942
"GET / HTTP/1.1" 200 9995
"GET /static/css/base.css HTTP/1.1" 304 0
Watching for file changes with StatReloader
Internal Server Error: /
Traceback (most recent call last):
  File "/home/gbemi/.local/lib/python3.10/site-packages/django/template/backends/django.py", line 61, in render
    return self.template.render(context)
  File "/home/gbemi/.local/lib/python3.10/site-packages/django/template/base.py", line 175, in render
    return self._render(context)
  File "/home/gbemi/.local/lib/python3.10/site-packages/django/template/base.py", line 167, in _render
    return self.nodelist.render(context)
  File "/home/gbemi/.local/lib/python3.10/site-packages/django/template/base.py", line 1005, in render
    return SafeString("".join([node.render_annotated(context) for node in self]))
  File "/home/gbemi/.local/lib/python3.10/site-packages/django/template/base.py", line 1005, in <listcomp>
    return SafeString("".join([node.render_annotated(context) for node in self]))
  File "/home/gbemi/.local/lib/python3.10/site-packages/django/template/base.py", line 966, in render_annotated
    return self.render(context)
  File "/home/gbemi/.local/lib/python3.10/site-packages/django/template/loader_tags.py", line 157, in render
    return compiled_parent._render(context)
  File "/home/gbemi/.local/lib/python3.10/site-packages/django/template/base.py", line 167, in _render
    return self.nodelist.render(context)
  File "/home/gbemi/.local/lib/python3.10/site-packages/django/template/base.py", line 1005, in render
    return SafeString("".join([node.render_annotated(context) for node in self]))
  File "/home/gbemi/.local/lib/python3.10/site-packages/django/template/base.py", line 1005, in <listcomp>
    return SafeString("".join([node.render_annotated(context) for node in self]))
  File "/home/gbemi/.local/lib/python3.10/site-packages/django/template/base.py", line 966, in render_annotated
    return self.render(context)
  File "/home/gbemi/.local/lib/python3.10/site-packages/django/template/loader_tags.py", line 208, in render
    return template.render(context)
  File "/home/gbemi/.local/lib/python3.10/site-packages/django/template/base.py", line 177, in render
    return self._render(context)
  File "/home/gbemi/.local/lib/python3.10/site-packages/django/template/base.py", line 167, in _render
    return self.nodelist.render(context)
  File "/home/gbemi/.local/lib/python3.10/site-packages/django/template/base.py", line 1005, in render
    return SafeString("".join([node.render_annotated(context) for node in self]))
  File "/home/gbemi/.local/lib/python3.10/site-packages/django/template/base.py", line 1005, in <listcomp>
    return SafeString("".join([node.render_annotated(context) for node in self]))
  File "/home/gbemi/.local/lib/python3.10/site-packages/django/template/base.py", line 966, in render_annotated
    return self.render(context)
  File "/home/gbemi/.local/lib/python3.10/site-packages/django/template/defaulttags.py", line 321, in render
    return nodelist.render(context)
  File "/home/gbemi/.local/lib/python3.10/site-packages/django/template/base.py", line 1005, in render
    return SafeString("".join([node.render_annotated(context) for node in self]))
  File "/home/gbemi/.local/lib/python3.10/site-packages/django/template/base.py", line 1005, in <listcomp>
    return SafeString("".join([node.render_annotated(context) for node in self]))
  File "/home/gbemi/.local/lib/python3.10/site-packages/django/template/base.py", line 966, in render_annotated
    return self.render(context)
  File "/home/gbemi/.local/lib/python3.10/site-packages/django/template/defaulttags.py", line 238, in render
    nodelist.append(node.render_annotated(context))
  File "/home/gbemi/.local/lib/python3.10/site-packages/django/template/base.py", line 966, in render_annotated
    return self.render(context)
  File "/home/gbemi/.local/lib/python3.10/site-packages/django/template/defaulttags.py", line 321, in render
    return nodelist.render(context)
  File "/home/gbemi/.local/lib/python3.10/site-packages/django/template/base.py", line 1005, in render
    return SafeString("".join([node.render_annotated(context) for node in self]))
  File "/home/gbemi/.local/lib/python3.10/site-packages/django/template/base.py", line 1005, in <listcomp>
    return SafeString("".join([node.render_annotated(context) for node in self]))
  File "/home/gbemi/.local/lib/python3.10/site-packages/django/template/base.py", line 966, in render_annotated
    return self.render(context)
  File "/home/gbemi/.local/lib/python3.10/site-packages/django/template/loader_tags.py", line 197, in render
    template = context.template.engine.select_template(template_name)
  File "/home/gbemi/.local/lib/python3.10/site-packages/django/template/engine.py", line 212, in select_template
    raise TemplateDoesNotExist(", ".join(not_found))
django.template.exceptions.TemplateDoesNotExist: includes/toasts/toast_error.html

The above exception was the direct cause of the following exception:

Traceback (most recent call last):
  File "/home/gbemi/.local/lib/python3.10/site-packages/django/core/handlers/exception.py", line 55, in inner
    response = get_response(request)
  File "/home/gbemi/.local/lib/python3.10/site-packages/django/core/handlers/base.py", line 197, in _get_response
    response = wrapped_callback(request, *callback_args, **callback_kwargs)
  File "/mnt/c/Users/likwi/OneDrive/Desktop/PROJS/Quill/home/views.py", line 8, in index
    return render(request, 'home/index.html')
  File "/home/gbemi/.local/lib/python3.10/site-packages/django/shortcuts.py", line 24, in render
    content = loader.render_to_string(template_name, context, request, using=using)
  File "/home/gbemi/.local/lib/python3.10/site-packages/django/template/loader.py", line 62, in render_to_string
    return template.render(context, request)
  File "/home/gbemi/.local/lib/python3.10/site-packages/django/template/backends/django.py", line 63, in render
    reraise(exc, self.backend)
  File "/home/gbemi/.local/lib/python3.10/site-packages/django/template/backends/django.py", line 84, in reraise
    raise new from exc
django.template.exceptions.TemplateDoesNotExist: includes/toasts/toast_error.html
"GET / HTTP/1.1" 500 223899
Not Found: /favicon.ico
"GET /favicon.ico HTTP/1.1" 404 3562
"GET / HTTP/1.1" 200 9995
"GET /static/css/base.css HTTP/1.1" 200 8502
"GET /media/Hero_Image.png HTTP/1.1" 200 2678314
"GET /media/icons8-quill-pen-32.png HTTP/1.1" 200 605
"GET /products/?category=crime-thriller HTTP/1.1" 200 23677
"GET /static/products/css/products.css HTTP/1.1" 200 11931
"GET /static/products/js/lazyload.js HTTP/1.1" 200 1991
Not Found: /products/media/icons8-quill-pen-32.png
"GET /products/media/icons8-quill-pen-32.png HTTP/1.1" 404 4872
"POST /bag/add/2391/ HTTP/1.1" 302 0
"GET /products/ HTTP/1.1" 200 27234
Not Found: /media/noimage.png
"GET /media/noimage.png HTTP/1.1" 404 3795
"GET /bag/ HTTP/1.1" 200 11898
Not Found: /bag/media/icons8-quill-pen-32.png
"GET /bag/media/icons8-quill-pen-32.png HTTP/1.1" 404 4273
"GET / HTTP/1.1" 200 9995
"GET /products/ HTTP/1.1" 200 23967
"POST /bag/add/704/ HTTP/1.1" 302 0
"GET /products/ HTTP/1.1" 200 28231
Not Found: /media/noimage.png
"GET /media/noimage.png HTTP/1.1" 404 3795
"GET /products/ HTTP/1.1" 200 23967
"POST /bag/add/3181/ HTTP/1.1" 302 0
"GET /products/ HTTP/1.1" 200 29302
Not Found: /media/noimage.png
"GET /media/noimage.png HTTP/1.1" 404 3795
"POST /bag/add/3166/ HTTP/1.1" 302 0
"GET /products/ HTTP/1.1" 200 30408
Not Found: /media/noimage.png
"GET /media/noimage.png HTTP/1.1" 404 3795
"GET /bag/ HTTP/1.1" 200 15747
"GET /checkout/ HTTP/1.1" 200 25989
"GET /static/css/checkout.css HTTP/1.1" 200 542
"GET /static/js/stripe_element.js HTTP/1.1" 200 1876
Not Found: /checkout/media/icons8-quill-pen-32.png
"GET /checkout/media/icons8-quill-pen-32.png HTTP/1.1" 404 4130
"GET /bag/ HTTP/1.1" 200 15747
"GET /checkout/ HTTP/1.1" 200 25989
"GET / HTTP/1.1" 200 9995
"GET /products/?category=crime-thriller HTTP/1.1" 200 23677
"POST /bag/add/2389/ HTTP/1.1" 302 0
"GET /products/ HTTP/1.1" 200 31426
Not Found: /media/noimage.png
"GET /media/noimage.png HTTP/1.1" 404 3795
Not Found: /media/noimage.png
"GET /media/noimage.png HTTP/1.1" 404 3795
"GET /products/ HTTP/1.1" 200 23967
"POST /bag/add/3166/ HTTP/1.1" 302 0
"GET /products/ HTTP/1.1" 200 31447
Not Found: /media/noimage.png
"GET /media/noimage.png HTTP/1.1" 404 3795
"GET /products/ HTTP/1.1" 200 23967
"POST /bag/add/3181/ HTTP/1.1" 302 0
"GET /products/ HTTP/1.1" 200 31419
Not Found: /media/noimage.png
"GET /media/noimage.png HTTP/1.1" 404 3795
"GET /bag/ HTTP/1.1" 200 17035
"POST /bag/delete/2389/ HTTP/1.1" 302 0
"GET /bag/ HTTP/1.1" 200 22174
Not Found: /media/noimage.png
"GET /media/noimage.png HTTP/1.1" 404 3795
"POST /bag/delete/2391/ HTTP/1.1" 302 0
"GET /bag/ HTTP/1.1" 200 19831
Not Found: /media/noimage.png
"GET /media/noimage.png HTTP/1.1" 404 3795
Not Found: /media/noimage.png
"GET /media/noimage.png HTTP/1.1" 404 3795
"POST /bag/delete/704/ HTTP/1.1" 302 0
"GET /bag/ HTTP/1.1" 200 17544
Not Found: /media/noimage.png
"GET /media/noimage.png HTTP/1.1" 404 3795
Not Found: /media/noimage.png
"GET /media/noimage.png HTTP/1.1" 404 3795
"POST /bag/delete/3181/ HTTP/1.1" 302 0
"GET /bag/ HTTP/1.1" 200 15256
Not Found: /media/noimage.png
"GET /media/noimage.png HTTP/1.1" 404 3795
"POST /bag/delete/3166/ HTTP/1.1" 302 0
"GET /bag/ HTTP/1.1" 200 11705
"GET /products/?category=computing HTTP/1.1" 200 23884
"POST /bag/add/3166/ HTTP/1.1" 302 0
"GET /products/ HTTP/1.1" 200 27322
Not Found: /media/noimage.png
"GET /media/noimage.png HTTP/1.1" 404 3795
"POST /bag/add/1794/ HTTP/1.1" 302 0
"GET /products/ HTTP/1.1" 200 28358
Not Found: /media/noimage.png
"GET /media/noimage.png HTTP/1.1" 404 3795
Not Found: /media/noimage.png
"GET /media/noimage.png HTTP/1.1" 404 3795
"GET /products/ HTTP/1.1" 200 23967
"GET /static/css/base.css HTTP/1.1" 200 8500
"POST /bag/add/1794/ HTTP/1.1" 302 0
"GET /products/ HTTP/1.1" 200 28358
Not Found: /media/noimage.png
"GET /media/noimage.png HTTP/1.1" 404 3795
Watching for file changes with StatReloader
"GET /products/ HTTP/1.1" 200 23967
"POST /bag/add/3181/ HTTP/1.1" 302 0
"GET /products/ HTTP/1.1" 200 29366
Not Found: /media/noimage.png
"GET /media/noimage.png HTTP/1.1" 404 3795
Not Found: /media/noimage.png
"GET /media/noimage.png HTTP/1.1" 404 3795
"GET /products/3181/ HTTP/1.1" 200 12689
Not Found: /products/3181/media/icons8-quill-pen-32.png
"GET /products/3181/media/icons8-quill-pen-32.png HTTP/1.1" 404 4887
"GET / HTTP/1.1" 200 9995
"GET /products/?category=biography HTTP/1.1" 200 23637
Watching for file changes with StatReloader
"GET / HTTP/1.1" 200 9995
"GET /static/css/base.css HTTP/1.1" 200 8500
"GET /media/Hero_Image.png HTTP/1.1" 200 2678314
"GET /media/icons8-quill-pen-32.png HTTP/1.1" 200 605
"GET /products/ HTTP/1.1" 200 23967
"GET /static/products/css/products.css HTTP/1.1" 200 11931
"GET /static/products/js/lazyload.js HTTP/1.1" 200 1991
Not Found: /products/media/icons8-quill-pen-32.png
"GET /products/media/icons8-quill-pen-32.png HTTP/1.1" 404 4872
"POST /bag/add/3181/ HTTP/1.1" 302 0
"GET /products/ HTTP/1.1" 200 29367
Not Found: /media/noimage.png
"GET /media/noimage.png HTTP/1.1" 404 3795
"GET /about_us HTTP/1.1" 200 10286
"GET /products/ HTTP/1.1" 200 23967
"GET /about_us HTTP/1.1" 200 10286
"GET / HTTP/1.1" 200 9995
Watching for file changes with StatReloader
"GET /products/?category=biography HTTP/1.1" 200 23637
"GET /static/css/base.css HTTP/1.1" 200 8500
"GET /static/products/css/products.css HTTP/1.1" 200 11931
"GET /static/products/js/lazyload.js HTTP/1.1" 200 1991
Not Found: /products/media/icons8-quill-pen-32.png
"GET /products/media/icons8-quill-pen-32.png HTTP/1.1" 404 4872
"POST /bag/add/1793/ HTTP/1.1" 302 0
"GET /products/ HTTP/1.1" 200 30416
Not Found: /media/noimage.png
"GET /media/noimage.png HTTP/1.1" 404 3795
"GET /checkout/ HTTP/1.1" 200 26014
"GET /static/css/checkout.css HTTP/1.1" 200 542
"GET /static/js/stripe_element.js HTTP/1.1" 200 1876
Not Found: /checkout/media/icons8-quill-pen-32.png
"GET /checkout/media/icons8-quill-pen-32.png HTTP/1.1" 404 4130
"GET / HTTP/1.1" 200 9875
"GET /media/Hero_Image.png HTTP/1.1" 200 2678314
"GET /media/icons8-quill-pen-32.png HTTP/1.1" 200 605
"GET / HTTP/1.1" 200 9875
"GET / HTTP/1.1" 200 10256
"GET /static/css/base.css HTTP/1.1" 200 8500
"GET /media/icons8-quill-pen-32.png HTTP/1.1" 200 605
"GET / HTTP/1.1" 200 11761
"GET /static/css/base.css HTTP/1.1" 200 8500
"GET /media/Hero_Image.png HTTP/1.1" 200 2678314
"GET /media/icons8-quill-pen-32.png HTTP/1.1" 200 605
"GET / HTTP/1.1" 200 11761
"GET / HTTP/1.1" 200 11761
"GET /static/css/base.css HTTP/1.1" 200 8760
"GET /media/Hero_Image.png HTTP/1.1" 200 2678314
"GET /media/icons8-quill-pen-32.png HTTP/1.1" 200 605
"GET / HTTP/1.1" 200 11761
"GET /static/css/base.css HTTP/1.1" 200 9260
"GET /media/Hero_Image.png HTTP/1.1" 200 2678314
"GET /media/icons8-quill-pen-32.png HTTP/1.1" 200 605
"GET /static/css/base.css HTTP/1.1" 304 0
"GET / HTTP/1.1" 200 11761
"GET /static/css/base.css HTTP/1.1" 200 9025
"GET /media/Hero_Image.png HTTP/1.1" 200 2678314
"GET /media/icons8-quill-pen-32.png HTTP/1.1" 200 605
Watching for file changes with StatReloader
"GET / HTTP/1.1" 200 11761
"GET /static/css/base.css HTTP/1.1" 200 9025
"GET /media/Hero_Image.png HTTP/1.1" 200 2678314
"GET /media/icons8-quill-pen-32.png HTTP/1.1" 200 605
"GET /static/css/base.css HTTP/1.1" 200 8919
"GET /static/css/base.css HTTP/1.1" 304 0
"GET / HTTP/1.1" 200 11761
"GET / HTTP/1.1" 200 11749
"GET /static/css/base.css HTTP/1.1" 200 8919
"GET /media/Hero_Image.png HTTP/1.1" 200 2678314
"GET /media/icons8-quill-pen-32.png HTTP/1.1" 200 605
"GET / HTTP/1.1" 200 11749
"GET /static/css/base.css HTTP/1.1" 200 8882
"GET /media/Hero_Image.png HTTP/1.1" 200 2678314
"GET /media/icons8-quill-pen-32.png HTTP/1.1" 200 605
"GET / HTTP/1.1" 200 11749
"GET /static/css/base.css HTTP/1.1" 200 9105
"GET /media/Hero_Image.png HTTP/1.1" 200 2678314
"GET /media/icons8-quill-pen-32.png HTTP/1.1" 200 605
"GET / HTTP/1.1" 200 11749
"GET /static/css/base.css HTTP/1.1" 200 9333
"GET /media/Hero_Image.png HTTP/1.1" 200 2678314
"GET /media/icons8-quill-pen-32.png HTTP/1.1" 200 605
"GET / HTTP/1.1" 200 11749
"GET /static/css/base.css HTTP/1.1" 200 9297
"GET /media/Hero_Image.png HTTP/1.1" 200 2678314
"GET /media/icons8-quill-pen-32.png HTTP/1.1" 200 605
"GET / HTTP/1.1" 200 11749
"GET /static/css/base.css HTTP/1.1" 304 0
"GET / HTTP/1.1" 200 11749
"GET /static/css/base.css HTTP/1.1" 200 8867
"GET /media/Hero_Image.png HTTP/1.1" 200 2678314
"GET /media/icons8-quill-pen-32.png HTTP/1.1" 200 605
"GET / HTTP/1.1" 200 11749
"GET /static/css/base.css HTTP/1.1" 200 9143
"GET /media/Hero_Image.png HTTP/1.1" 200 2678314
"GET /media/icons8-quill-pen-32.png HTTP/1.1" 200 605
"GET / HTTP/1.1" 200 11749
"GET /static/css/base.css HTTP/1.1" 200 9029
"GET /media/Hero_Image.png HTTP/1.1" 200 2678314
"GET /media/icons8-quill-pen-32.png HTTP/1.1" 200 605
"GET / HTTP/1.1" 200 11749
"GET /static/css/base.css HTTP/1.1" 200 8853
"GET /media/Hero_Image.png HTTP/1.1" 200 2678314
"GET /media/icons8-quill-pen-32.png HTTP/1.1" 200 605
"GET / HTTP/1.1" 200 11749
"GET /static/css/base.css HTTP/1.1" 200 8882
"GET /media/Hero_Image.png HTTP/1.1" 200 2678314
"GET /media/icons8-quill-pen-32.png HTTP/1.1" 200 605
"GET / HTTP/1.1" 200 11749
"GET /static/css/base.css HTTP/1.1" 200 8874
"GET / HTTP/1.1" 200 11749
"GET /static/css/base.css HTTP/1.1" 200 8882
Watching for file changes with StatReloader
"GET / HTTP/1.1" 200 11749
"GET /static/css/base.css HTTP/1.1" 200 8853
"GET /media/Hero_Image.png HTTP/1.1" 200 2678314
"GET /media/icons8-quill-pen-32.png HTTP/1.1" 200 605
"GET / HTTP/1.1" 200 11749
"GET /static/css/base.css HTTP/1.1" 200 8874
"GET /media/Hero_Image.png HTTP/1.1" 200 2678314
"GET /media/icons8-quill-pen-32.png HTTP/1.1" 200 605
"GET / HTTP/1.1" 200 11749
"GET /static/css/base.css HTTP/1.1" 200 8848
"GET /media/Hero_Image.png HTTP/1.1" 200 2678314
"GET /media/icons8-quill-pen-32.png HTTP/1.1" 200 605
"GET / HTTP/1.1" 200 11749
"GET /static/css/base.css HTTP/1.1" 200 8790
"GET /media/Hero_Image.png HTTP/1.1" 200 2678314
"GET /media/icons8-quill-pen-32.png HTTP/1.1" 200 605
"GET / HTTP/1.1" 200 11749
"GET /static/css/base.css HTTP/1.1" 200 8760
"GET / HTTP/1.1" 200 11749
"GET /static/css/base.css HTTP/1.1" 200 8739
"GET /media/Hero_Image.png HTTP/1.1" 200 2678314
"GET /media/icons8-quill-pen-32.png HTTP/1.1" 200 605
"GET / HTTP/1.1" 200 11327
"GET /static/css/base.css HTTP/1.1" 200 8739
"GET /media/Hero_Image.png HTTP/1.1" 200 2678314
"GET /media/icons8-quill-pen-32.png HTTP/1.1" 200 605
"GET / HTTP/1.1" 200 11476
"GET /static/css/base.css HTTP/1.1" 200 8709
"GET /media/Hero_Image.png HTTP/1.1" 200 2678314
"GET /media/icons8-quill-pen-32.png HTTP/1.1" 200 605
"GET / HTTP/1.1" 200 11476
"GET /static/css/base.css HTTP/1.1" 200 8800
"GET /media/Hero_Image.png HTTP/1.1" 200 2678314
"GET /media/icons8-quill-pen-32.png HTTP/1.1" 200 605
"GET / HTTP/1.1" 200 11476
"GET /static/css/base.css HTTP/1.1" 200 8661
"GET /media/Hero_Image.png HTTP/1.1" 200 2678314
"GET /media/icons8-quill-pen-32.png HTTP/1.1" 200 605
"GET /static/css/base.css HTTP/1.1" 304 0
"GET / HTTP/1.1" 200 11476
"GET /static/css/base.css HTTP/1.1" 200 8776
"GET /media/Hero_Image.png HTTP/1.1" 200 2678314
"GET /media/icons8-quill-pen-32.png HTTP/1.1" 200 605
"GET / HTTP/1.1" 200 11476
"GET /static/css/base.css HTTP/1.1" 200 8655
"GET /media/Hero_Image.png HTTP/1.1" 200 2678314
"GET /media/icons8-quill-pen-32.png HTTP/1.1" 200 605
"GET / HTTP/1.1" 200 11476
"GET /static/css/base.css HTTP/1.1" 200 8702
"GET /media/Hero_Image.png HTTP/1.1" 200 2678314
"GET /media/icons8-quill-pen-32.png HTTP/1.1" 200 605
"GET / HTTP/1.1" 200 11476
"GET /static/css/base.css HTTP/1.1" 200 8701
"GET /media/Hero_Image.png HTTP/1.1" 200 2678314
"GET /media/icons8-quill-pen-32.png HTTP/1.1" 200 605
"GET / HTTP/1.1" 200 11476
"GET /static/css/base.css HTTP/1.1" 200 8702
"GET /media/Hero_Image.png HTTP/1.1" 200 2678314
"GET /media/icons8-quill-pen-32.png HTTP/1.1" 200 605
"GET / HTTP/1.1" 200 11476
"GET /static/css/base.css HTTP/1.1" 200 8702
"GET /media/Hero_Image.png HTTP/1.1" 200 2678314
"GET /media/icons8-quill-pen-32.png HTTP/1.1" 200 605
"GET / HTTP/1.1" 200 11476
"GET /static/css/base.css HTTP/1.1" 200 8703
"GET /media/Hero_Image.png HTTP/1.1" 200 2678314
"GET /media/icons8-quill-pen-32.png HTTP/1.1" 200 605
"GET /static/css/base.css HTTP/1.1" 304 0
"GET / HTTP/1.1" 200 11476
"GET /static/css/base.css HTTP/1.1" 200 8703
"GET /media/Hero_Image.png HTTP/1.1" 200 2678314
"GET /media/icons8-quill-pen-32.png HTTP/1.1" 200 605
"GET / HTTP/1.1" 200 11476
"GET /static/css/base.css HTTP/1.1" 200 8703
"GET /media/Hero_Image.png HTTP/1.1" 200 2678314
"GET /media/icons8-quill-pen-32.png HTTP/1.1" 200 605
"GET / HTTP/1.1" 200 11476
"GET /static/css/base.css HTTP/1.1" 200 8702
"GET /media/Hero_Image.png HTTP/1.1" 200 2678314
"GET /media/icons8-quill-pen-32.png HTTP/1.1" 200 605
"GET / HTTP/1.1" 200 11476
"GET /static/css/base.css HTTP/1.1" 200 8702
"GET /media/Hero_Image.png HTTP/1.1" 200 2678314
"GET /media/icons8-quill-pen-32.png HTTP/1.1" 200 605
"GET / HTTP/1.1" 200 11476
"GET /static/css/base.css HTTP/1.1" 200 8703
"GET /media/Hero_Image.png HTTP/1.1" 200 2678314
"GET /media/icons8-quill-pen-32.png HTTP/1.1" 200 605
"GET / HTTP/1.1" 200 11476
"GET /static/css/base.css HTTP/1.1" 200 8850
"GET /media/Hero_Image.png HTTP/1.1" 200 2678314
"GET /media/icons8-quill-pen-32.png HTTP/1.1" 200 605
"GET / HTTP/1.1" 200 11476
"GET /static/css/base.css HTTP/1.1" 200 9591
"GET /media/Hero_Image.png HTTP/1.1" 200 2678314
"GET /media/icons8-quill-pen-32.png HTTP/1.1" 200 605
"GET / HTTP/1.1" 200 11476
"GET /static/css/base.css HTTP/1.1" 200 8677
"GET /media/Hero_Image.png HTTP/1.1" 200 2678314
"GET /media/icons8-quill-pen-32.png HTTP/1.1" 200 605
"GET /static/css/base.css HTTP/1.1" 304 0
"GET / HTTP/1.1" 200 11476
"GET /static/css/base.css HTTP/1.1" 200 9181
"GET /media/Hero_Image.png HTTP/1.1" 200 2678314
"GET /media/icons8-quill-pen-32.png HTTP/1.1" 200 605
"GET / HTTP/1.1" 200 11476
"GET /static/css/base.css HTTP/1.1" 200 8677
"GET /media/Hero_Image.png HTTP/1.1" 200 2678314
"GET /media/icons8-quill-pen-32.png HTTP/1.1" 200 605
"GET / HTTP/1.1" 200 11476
"GET /static/css/base.css HTTP/1.1" 200 8872
"GET /media/Hero_Image.png HTTP/1.1" 200 2678314
"GET /media/icons8-quill-pen-32.png HTTP/1.1" 200 605
"GET /static/css/base.css HTTP/1.1" 304 0
"GET / HTTP/1.1" 200 11476
"GET /static/css/base.css HTTP/1.1" 200 8875
"GET /media/Hero_Image.png HTTP/1.1" 200 2678314
"GET /media/icons8-quill-pen-32.png HTTP/1.1" 200 605
"GET / HTTP/1.1" 200 11476
"GET /static/css/base.css HTTP/1.1" 200 8883
"GET /media/Hero_Image.png HTTP/1.1" 200 2678314
"GET /media/icons8-quill-pen-32.png HTTP/1.1" 200 605
"GET / HTTP/1.1" 200 11476
"GET /static/css/base.css HTTP/1.1" 200 8774
"GET /media/Hero_Image.png HTTP/1.1" 200 2678314
"GET /media/icons8-quill-pen-32.png HTTP/1.1" 200 605
"GET / HTTP/1.1" 200 11476
"GET /static/css/base.css HTTP/1.1" 304 0
"GET / HTTP/1.1" 200 11519
"GET /static/css/base.css HTTP/1.1" 200 8774
"GET /media/Hero_Image.png HTTP/1.1" 200 2678314
"GET /media/icons8-quill-pen-32.png HTTP/1.1" 200 605
"GET / HTTP/1.1" 200 9855
"GET /static/css/base.css HTTP/1.1" 200 8774
"GET /media/Hero_Image.png HTTP/1.1" 200 2678314
"GET /media/icons8-quill-pen-32.png HTTP/1.1" 200 605
"GET / HTTP/1.1" 200 11519
"GET /static/css/base.css HTTP/1.1" 200 8774
"GET /media/Hero_Image.png HTTP/1.1" 200 2678314
"GET /media/icons8-quill-pen-32.png HTTP/1.1" 200 605
"GET / HTTP/1.1" 200 11519
"GET /static/css/base.css HTTP/1.1" 200 9231
"GET /media/Hero_Image.png HTTP/1.1" 200 2678314
"GET /media/icons8-quill-pen-32.png HTTP/1.1" 200 605
"GET / HTTP/1.1" 200 11519
"GET /static/css/base.css HTTP/1.1" 200 9129
"GET /media/Hero_Image.png HTTP/1.1" 200 2678314
"GET /media/icons8-quill-pen-32.png HTTP/1.1" 200 605
"GET /static/css/base.css HTTP/1.1" 200 9087
"GET / HTTP/1.1" 200 11519
"GET /static/css/base.css HTTP/1.1" 200 9087
"GET /media/Hero_Image.png HTTP/1.1" 200 2678314
"GET /media/icons8-quill-pen-32.png HTTP/1.1" 200 605
"GET / HTTP/1.1" 200 11519
"GET /static/css/base.css HTTP/1.1" 200 9095
"GET /media/Hero_Image.png HTTP/1.1" 200 2678314
"GET /media/icons8-quill-pen-32.png HTTP/1.1" 200 605
"GET / HTTP/1.1" 200 11519
"GET /static/css/base.css HTTP/1.1" 200 9096
"GET /media/Hero_Image.png HTTP/1.1" 200 2678314
"GET /media/icons8-quill-pen-32.png HTTP/1.1" 200 605
"GET / HTTP/1.1" 200 11519
"GET /static/css/base.css HTTP/1.1" 200 9091
"GET /media/Hero_Image.png HTTP/1.1" 200 2678314
"GET /media/icons8-quill-pen-32.png HTTP/1.1" 200 605
"GET / HTTP/1.1" 200 11519
"GET /static/css/base.css HTTP/1.1" 200 9091
"GET /media/Hero_Image.png HTTP/1.1" 200 2678314
"GET /media/icons8-quill-pen-32.png HTTP/1.1" 200 605
"GET / HTTP/1.1" 200 11519
"GET /static/css/base.css HTTP/1.1" 200 9085
"GET /media/Hero_Image.png HTTP/1.1" 200 2678314
"GET /media/icons8-quill-pen-32.png HTTP/1.1" 200 605
"GET / HTTP/1.1" 200 11519
"GET /static/css/base.css HTTP/1.1" 200 9051
"GET /media/Hero_Image.png HTTP/1.1" 200 2678314
"GET /media/icons8-quill-pen-32.png HTTP/1.1" 200 605
"GET / HTTP/1.1" 200 11519
"GET /static/css/base.css HTTP/1.1" 200 9087
"GET /media/Hero_Image.png HTTP/1.1" 200 2678314
"GET /media/icons8-quill-pen-32.png HTTP/1.1" 200 605
"GET / HTTP/1.1" 200 11519
"GET /static/css/base.css HTTP/1.1" 200 9165
"GET /media/Hero_Image.png HTTP/1.1" 200 2678314
"GET /media/icons8-quill-pen-32.png HTTP/1.1" 200 605
"GET /static/css/base.css HTTP/1.1" 304 0
"GET / HTTP/1.1" 200 11519
"GET /static/css/base.css HTTP/1.1" 200 9036
"GET /media/Hero_Image.png HTTP/1.1" 200 2678314
"GET /media/icons8-quill-pen-32.png HTTP/1.1" 200 605
"GET / HTTP/1.1" 200 11519
"GET /static/css/base.css HTTP/1.1" 200 9035
"GET /media/Hero_Image.png HTTP/1.1" 200 2678314
"GET /media/icons8-quill-pen-32.png HTTP/1.1" 200 605
"GET / HTTP/1.1" 200 11519
"GET /static/css/base.css HTTP/1.1" 200 9035
"GET /media/Hero_Image.png HTTP/1.1" 200 2678314
"GET /media/icons8-quill-pen-32.png HTTP/1.1" 200 605
"GET / HTTP/1.1" 200 11519
"GET /static/css/base.css HTTP/1.1" 200 8969
"GET /media/Hero_Image.png HTTP/1.1" 200 2678314
"GET /media/icons8-quill-pen-32.png HTTP/1.1" 200 605
"GET /static/css/base.css HTTP/1.1" 304 0
"GET / HTTP/1.1" 200 11519
"GET /static/css/base.css HTTP/1.1" 200 8947
"GET /media/Hero_Image.png HTTP/1.1" 200 2678314
"GET /media/icons8-quill-pen-32.png HTTP/1.1" 200 605
"GET / HTTP/1.1" 200 11519
"GET /static/css/base.css HTTP/1.1" 200 8947
"GET /media/Hero_Image.png HTTP/1.1" 200 2678314
"GET /media/icons8-quill-pen-32.png HTTP/1.1" 200 605
"GET / HTTP/1.1" 200 11519
"GET /static/css/base.css HTTP/1.1" 200 9042
"GET /media/Hero_Image.png HTTP/1.1" 200 2678314
"GET /media/icons8-quill-pen-32.png HTTP/1.1" 200 605
"GET / HTTP/1.1" 200 11519
"GET /static/css/base.css HTTP/1.1" 200 9897
"GET /media/Hero_Image.png HTTP/1.1" 200 2678314
"GET /media/icons8-quill-pen-32.png HTTP/1.1" 200 605
"GET / HTTP/1.1" 200 11519
"GET /static/css/base.css HTTP/1.1" 200 9896
"GET /media/Hero_Image.png HTTP/1.1" 200 2678314
"GET /media/icons8-quill-pen-32.png HTTP/1.1" 200 605
"GET / HTTP/1.1" 200 11519
"GET /static/css/base.css HTTP/1.1" 200 9897
"GET /media/Hero_Image.png HTTP/1.1" 200 2678314
"GET /media/icons8-quill-pen-32.png HTTP/1.1" 200 605
"GET / HTTP/1.1" 200 11519
"GET /static/css/base.css HTTP/1.1" 200 9857
"GET /media/Hero_Image.png HTTP/1.1" 200 2678314
"GET /media/icons8-quill-pen-32.png HTTP/1.1" 200 605
"GET / HTTP/1.1" 200 11519
"GET /static/css/base.css HTTP/1.1" 200 9895
"GET /media/Hero_Image.png HTTP/1.1" 200 2678314
"GET /media/icons8-quill-pen-32.png HTTP/1.1" 200 605
"GET / HTTP/1.1" 200 11519
"GET /static/css/base.css HTTP/1.1" 200 9896
"GET /media/Hero_Image.png HTTP/1.1" 200 2678314
"GET /media/icons8-quill-pen-32.png HTTP/1.1" 200 605
"GET / HTTP/1.1" 200 11519
"GET /static/css/base.css HTTP/1.1" 200 9896
"GET /media/Hero_Image.png HTTP/1.1" 200 2678314
"GET /media/icons8-quill-pen-32.png HTTP/1.1" 200 605
"GET / HTTP/1.1" 200 11519
"GET /static/css/base.css HTTP/1.1" 200 9896
"GET /media/Hero_Image.png HTTP/1.1" 200 2678314
"GET /media/icons8-quill-pen-32.png HTTP/1.1" 200 605
"GET / HTTP/1.1" 200 11519
"GET /static/css/base.css HTTP/1.1" 200 9896
"GET /media/Hero_Image.png HTTP/1.1" 200 2678314
"GET /media/icons8-quill-pen-32.png HTTP/1.1" 200 605
"GET / HTTP/1.1" 200 11519
"GET /static/css/base.css HTTP/1.1" 200 9895
"GET /media/Hero_Image.png HTTP/1.1" 200 2678314
"GET /media/icons8-quill-pen-32.png HTTP/1.1" 200 605
"GET / HTTP/1.1" 200 11519
"GET /static/css/base.css HTTP/1.1" 200 9895
"GET /media/Hero_Image.png HTTP/1.1" 200 2678314
"GET /media/icons8-quill-pen-32.png HTTP/1.1" 200 605
"GET / HTTP/1.1" 200 11519
"GET /static/css/base.css HTTP/1.1" 200 9883
"GET /media/Hero_Image.png HTTP/1.1" 200 2678314
"GET /media/icons8-quill-pen-32.png HTTP/1.1" 200 605
"GET / HTTP/1.1" 200 11519
"GET /static/css/base.css HTTP/1.1" 200 9883
"GET /media/Hero_Image.png HTTP/1.1" 200 2678314
"GET /media/icons8-quill-pen-32.png HTTP/1.1" 200 605
"GET /static/css/base.css HTTP/1.1" 304 0
"GET / HTTP/1.1" 200 11519
"GET /static/css/base.css HTTP/1.1" 200 9883
"GET /media/Hero_Image.png HTTP/1.1" 200 2678314
"GET /media/icons8-quill-pen-32.png HTTP/1.1" 200 605
"GET / HTTP/1.1" 200 11519
"GET /static/css/base.css HTTP/1.1" 200 9883
"GET /media/Hero_Image.png HTTP/1.1" 200 2678314
"GET /media/icons8-quill-pen-32.png HTTP/1.1" 200 605
"GET / HTTP/1.1" 200 11519
"GET /static/css/base.css HTTP/1.1" 200 9509
"GET /media/Hero_Image.png HTTP/1.1" 200 2678314
"GET /media/icons8-quill-pen-32.png HTTP/1.1" 200 605
"GET / HTTP/1.1" 200 11519
"GET /static/css/base.css HTTP/1.1" 200 9509
"GET /media/Hero_Image.png HTTP/1.1" 200 2678314
"GET /media/icons8-quill-pen-32.png HTTP/1.1" 200 605
"GET / HTTP/1.1" 200 11519
"GET /static/css/base.css HTTP/1.1" 200 9883
"GET /media/Hero_Image.png HTTP/1.1" 200 2678314
"GET /media/icons8-quill-pen-32.png HTTP/1.1" 200 605
"GET / HTTP/1.1" 200 11519
"GET /static/css/base.css HTTP/1.1" 200 9883
"GET /media/Hero_Image.png HTTP/1.1" 200 2678314
"GET /media/icons8-quill-pen-32.png HTTP/1.1" 200 605
"GET / HTTP/1.1" 200 11519
"GET /static/css/base.css HTTP/1.1" 200 9883
"GET /media/Hero_Image.png HTTP/1.1" 200 2678314
"GET /media/icons8-quill-pen-32.png HTTP/1.1" 200 605
"GET / HTTP/1.1" 200 11519
"GET /static/css/base.css HTTP/1.1" 200 9883
"GET /media/Hero_Image.png HTTP/1.1" 200 2678314
"GET /media/icons8-quill-pen-32.png HTTP/1.1" 200 605
"GET /static/css/base.css HTTP/1.1" 304 0
"GET / HTTP/1.1" 200 11519
"GET /static/css/base.css HTTP/1.1" 200 9509
"GET /media/Hero_Image.png HTTP/1.1" 200 2678314
"GET /media/icons8-quill-pen-32.png HTTP/1.1" 200 605
"GET /static/css/base.css HTTP/1.1" 304 0
"GET / HTTP/1.1" 200 11519
"GET /static/css/base.css HTTP/1.1" 200 8803
"GET /media/Hero_Image.png HTTP/1.1" 200 2678314
"GET /media/icons8-quill-pen-32.png HTTP/1.1" 200 605
"GET / HTTP/1.1" 200 11519
"GET /static/css/base.css HTTP/1.1" 200 8280
"GET /media/Hero_Image.png HTTP/1.1" 200 2678314
"GET /media/icons8-quill-pen-32.png HTTP/1.1" 200 605
"GET / HTTP/1.1" 200 11519
"GET /static/css/base.css HTTP/1.1" 200 8803
"GET /media/Hero_Image.png HTTP/1.1" 200 2678314
"GET /media/icons8-quill-pen-32.png HTTP/1.1" 200 605
"GET / HTTP/1.1" 200 11519
"GET /static/css/base.css HTTP/1.1" 200 8665
"GET /media/Hero_Image.png HTTP/1.1" 200 2678314
"GET /media/icons8-quill-pen-32.png HTTP/1.1" 200 605
"GET / HTTP/1.1" 200 11519
"GET /static/css/base.css HTTP/1.1" 200 8658
"GET /media/Hero_Image.png HTTP/1.1" 200 2678314
"GET /media/icons8-quill-pen-32.png HTTP/1.1" 200 605
"GET / HTTP/1.1" 200 11519
"GET /static/css/base.css HTTP/1.1" 200 8632
"GET /media/Hero_Image.png HTTP/1.1" 200 2678314
"GET /media/icons8-quill-pen-32.png HTTP/1.1" 200 605
"GET / HTTP/1.1" 200 11519
"GET /static/css/base.css HTTP/1.1" 200 8578
"GET /media/Hero_Image.png HTTP/1.1" 200 2678314
"GET /media/icons8-quill-pen-32.png HTTP/1.1" 200 605
"GET / HTTP/1.1" 200 11519
"GET /static/css/base.css HTTP/1.1" 200 8660
"GET /media/Hero_Image.png HTTP/1.1" 200 2678314
"GET /media/icons8-quill-pen-32.png HTTP/1.1" 200 605
"GET / HTTP/1.1" 200 11519
"GET /static/css/base.css HTTP/1.1" 200 8731
"GET /media/Hero_Image.png HTTP/1.1" 200 2678314
"GET /media/icons8-quill-pen-32.png HTTP/1.1" 200 605
"GET / HTTP/1.1" 200 11519
"GET /static/css/base.css HTTP/1.1" 200 8658
"GET /media/Hero_Image.png HTTP/1.1" 200 2678314
"GET /media/icons8-quill-pen-32.png HTTP/1.1" 200 605
"GET /static/css/base.css HTTP/1.1" 200 8658
"GET / HTTP/1.1" 200 11519
"GET /static/css/base.css HTTP/1.1" 200 8658
"GET /media/Hero_Image.png HTTP/1.1" 200 2678314
"GET /media/icons8-quill-pen-32.png HTTP/1.1" 200 605
"GET / HTTP/1.1" 200 11519
"GET /static/css/base.css HTTP/1.1" 200 9146
"GET /media/Hero_Image.png HTTP/1.1" 200 2678314
"GET /media/icons8-quill-pen-32.png HTTP/1.1" 200 605
"GET / HTTP/1.1" 200 11519
"GET /static/css/base.css HTTP/1.1" 200 9104
"GET /media/Hero_Image.png HTTP/1.1" 200 2678314
"GET /media/icons8-quill-pen-32.png HTTP/1.1" 200 605
"GET / HTTP/1.1" 200 11519
"GET /static/css/base.css HTTP/1.1" 200 9034
"GET /media/Hero_Image.png HTTP/1.1" 200 2678314
"GET /media/icons8-quill-pen-32.png HTTP/1.1" 200 605
"GET / HTTP/1.1" 200 11519
"GET /static/css/base.css HTTP/1.1" 200 8997
"GET /media/Hero_Image.png HTTP/1.1" 200 2678314
"GET /media/icons8-quill-pen-32.png HTTP/1.1" 200 605
"GET / HTTP/1.1" 200 11519
"GET /static/css/base.css HTTP/1.1" 200 8919
"GET /media/Hero_Image.png HTTP/1.1" 200 2678314
"GET /media/icons8-quill-pen-32.png HTTP/1.1" 200 605
"GET / HTTP/1.1" 200 11519
"GET /static/css/base.css HTTP/1.1" 200 8919
"GET /media/Hero_Image.png HTTP/1.1" 200 2678314
"GET /media/icons8-quill-pen-32.png HTTP/1.1" 200 605
"GET / HTTP/1.1" 200 11519
"GET /static/css/base.css HTTP/1.1" 200 8959
"GET /media/Hero_Image.png HTTP/1.1" 200 2678314
"GET /media/icons8-quill-pen-32.png HTTP/1.1" 200 605
"GET / HTTP/1.1" 200 11519
"GET /static/css/base.css HTTP/1.1" 200 8959
"GET /media/Hero_Image.png HTTP/1.1" 200 2678314
"GET /media/icons8-quill-pen-32.png HTTP/1.1" 200 605
"GET / HTTP/1.1" 200 11519
"GET /static/css/base.css HTTP/1.1" 200 8959
"GET /media/Hero_Image.png HTTP/1.1" 200 2678314
"GET /media/icons8-quill-pen-32.png HTTP/1.1" 200 605
"GET / HTTP/1.1" 200 11519
"GET /static/css/base.css HTTP/1.1" 200 8929
"GET /media/Hero_Image.png HTTP/1.1" 200 2678314
"GET /media/icons8-quill-pen-32.png HTTP/1.1" 200 605
"GET / HTTP/1.1" 200 11519
"GET /static/css/base.css HTTP/1.1" 200 8941
"GET /media/Hero_Image.png HTTP/1.1" 200 2678314
"GET /media/icons8-quill-pen-32.png HTTP/1.1" 200 605
"GET / HTTP/1.1" 200 11519
"GET /static/css/base.css HTTP/1.1" 200 8941
"GET /media/Hero_Image.png HTTP/1.1" 200 2678314
"GET /media/icons8-quill-pen-32.png HTTP/1.1" 200 605
"GET / HTTP/1.1" 200 11519
"GET /static/css/base.css HTTP/1.1" 200 8941
"GET /media/Hero_Image.png HTTP/1.1" 200 2678314
"GET /media/icons8-quill-pen-32.png HTTP/1.1" 200 605
"GET / HTTP/1.1" 200 11519
"GET /static/css/base.css HTTP/1.1" 200 8970
"GET /media/Hero_Image.png HTTP/1.1" 200 2678314
"GET /media/icons8-quill-pen-32.png HTTP/1.1" 200 605
"GET / HTTP/1.1" 200 11519
"GET /static/css/base.css HTTP/1.1" 200 8970
"GET /media/Hero_Image.png HTTP/1.1" 200 2678314
"GET /media/icons8-quill-pen-32.png HTTP/1.1" 200 605
"GET / HTTP/1.1" 200 11519
"GET /static/css/base.css HTTP/1.1" 200 8970
"GET /media/Hero_Image.png HTTP/1.1" 200 2678314
"GET /media/icons8-quill-pen-32.png HTTP/1.1" 200 605
"GET / HTTP/1.1" 200 11519
"GET /static/css/base.css HTTP/1.1" 200 9336
"GET /media/Hero_Image.png HTTP/1.1" 200 2678314
"GET /media/icons8-quill-pen-32.png HTTP/1.1" 200 605
"GET / HTTP/1.1" 200 11519
"GET /static/css/base.css HTTP/1.1" 200 9286
"GET /media/Hero_Image.png HTTP/1.1" 200 2678314
"GET /media/icons8-quill-pen-32.png HTTP/1.1" 200 605
"GET / HTTP/1.1" 200 11519
"GET /static/css/base.css HTTP/1.1" 200 9466
"GET /media/Hero_Image.png HTTP/1.1" 200 2678314
"GET /media/icons8-quill-pen-32.png HTTP/1.1" 200 605
"GET / HTTP/1.1" 200 11519
"GET /static/css/base.css HTTP/1.1" 200 9466
"GET /media/Hero_Image.png HTTP/1.1" 200 2678314
"GET /media/icons8-quill-pen-32.png HTTP/1.1" 200 605
"GET / HTTP/1.1" 200 11519
"GET /static/css/base.css HTTP/1.1" 200 9466
"GET /media/Hero_Image.png HTTP/1.1" 200 2678314
"GET /media/icons8-quill-pen-32.png HTTP/1.1" 200 605
"GET / HTTP/1.1" 200 11519
"GET /static/css/base.css HTTP/1.1" 200 9466
"GET /media/Hero_Image.png HTTP/1.1" 200 2678314
"GET /media/icons8-quill-pen-32.png HTTP/1.1" 200 605
"GET / HTTP/1.1" 200 11519
"GET /static/css/base.css HTTP/1.1" 200 9466
"GET /products/ HTTP/1.1" 200 25491
"GET /static/css/base.css HTTP/1.1" 304 0
"GET /static/products/js/lazyload.js HTTP/1.1" 200 1991
"GET /static/products/css/products.css HTTP/1.1" 200 11931
Not Found: /products/media/icons8-quill-pen-32.png
"GET /products/media/icons8-quill-pen-32.png HTTP/1.1" 404 4872
"GET /products/ HTTP/1.1" 200 23827
"GET /static/css/base.css HTTP/1.1" 200 9466
"GET /static/products/css/products.css HTTP/1.1" 200 11931
"GET /static/products/js/lazyload.js HTTP/1.1" 200 1991
Not Found: /products/media/icons8-quill-pen-32.png
"GET /products/media/icons8-quill-pen-32.png HTTP/1.1" 404 4872
"GET / HTTP/1.1" 200 11464
"GET / HTTP/1.1" 200 11464
"GET /static/css/base.css HTTP/1.1" 200 10093
"GET /media/Hero_Image.png HTTP/1.1" 200 2678314
"GET /media/icons8-quill-pen-32.png HTTP/1.1" 200 605
"GET /static/css/base.css HTTP/1.1" 304 0
"GET / HTTP/1.1" 200 11464
"GET /static/css/base.css HTTP/1.1" 200 10093
"GET /media/Hero_Image.png HTTP/1.1" 200 2678314
"GET /media/icons8-quill-pen-32.png HTTP/1.1" 200 605
"GET / HTTP/1.1" 200 11464
"GET /static/css/base.css HTTP/1.1" 200 10093
"GET /media/Hero_Image.png HTTP/1.1" 200 2678314
"GET /media/icons8-quill-pen-32.png HTTP/1.1" 200 605
"GET / HTTP/1.1" 200 11464
"GET /static/css/base.css HTTP/1.1" 200 10093
"GET /media/Hero_Image.png HTTP/1.1" 200 2678314
"GET /media/icons8-quill-pen-32.png HTTP/1.1" 200 605
"GET / HTTP/1.1" 200 11464
"GET /static/css/base.css HTTP/1.1" 200 10093
"GET /media/Hero_Image.png HTTP/1.1" 200 2678314
"GET /media/icons8-quill-pen-32.png HTTP/1.1" 200 605
"GET / HTTP/1.1" 200 11464
"GET /static/css/base.css HTTP/1.1" 200 10168
"GET /media/Hero_Image.png HTTP/1.1" 200 2678314
"GET /media/icons8-quill-pen-32.png HTTP/1.1" 200 605
"GET / HTTP/1.1" 200 11464
"GET /static/css/base.css HTTP/1.1" 200 10168
"GET /media/Hero_Image.png HTTP/1.1" 200 2678314
"GET /media/icons8-quill-pen-32.png HTTP/1.1" 200 605
"GET / HTTP/1.1" 200 11464
"GET /static/css/base.css HTTP/1.1" 200 10168
"GET /media/Hero_Image.png HTTP/1.1" 200 2678314
"GET /media/icons8-quill-pen-32.png HTTP/1.1" 200 605
"GET / HTTP/1.1" 200 11464
"GET /static/css/base.css HTTP/1.1" 200 10399
"GET /media/Hero_Image.png HTTP/1.1" 200 2678314
"GET /media/icons8-quill-pen-32.png HTTP/1.1" 200 605
"GET /products/ HTTP/1.1" 200 23827
"GET /static/css/base.css HTTP/1.1" 304 0
Not Found: /products/media/icons8-quill-pen-32.png
"GET /products/media/icons8-quill-pen-32.png HTTP/1.1" 404 4872
"GET / HTTP/1.1" 200 11464
"GET /static/css/base.css HTTP/1.1" 304 0
"GET /accounts/login/ HTTP/1.1" 200 10323
"GET /static/css/base.css HTTP/1.1" 304 0
Not Found: /accounts/login/media/icons8-quill-pen-32.png
"GET /accounts/login/media/icons8-quill-pen-32.png HTTP/1.1" 404 7247
"GET /accounts/login/ HTTP/1.1" 200 10323
"GET /static/css/base.css HTTP/1.1" 304 0
"GET /admin HTTP/1.1" 301 0
"GET /admin/ HTTP/1.1" 302 0
"GET /admin/login/?next=/admin/ HTTP/1.1" 200 4181
"GET /static/admin/css/base.css HTTP/1.1" 200 21207
"GET /static/admin/css/dark_mode.css HTTP/1.1" 200 2929
"GET /static/admin/css/responsive.css HTTP/1.1" 200 18557
"GET /static/admin/css/nav_sidebar.css HTTP/1.1" 200 2694
"GET /static/admin/css/login.css HTTP/1.1" 200 958
"GET /static/admin/js/theme.js HTTP/1.1" 200 1943
"GET /static/admin/js/nav_sidebar.js HTTP/1.1" 200 3063
Not Found: /favicon.ico
"GET /favicon.ico HTTP/1.1" 404 3562
"POST /admin/login/?next=/admin/ HTTP/1.1" 302 0
"GET /admin/ HTTP/1.1" 200 10680
"GET /static/admin/css/dashboard.css HTTP/1.1" 200 441
"GET /static/admin/img/icon-addlink.svg HTTP/1.1" 200 331
"GET /static/admin/img/icon-changelink.svg HTTP/1.1" 200 380
Forbidden (CSRF token from POST incorrect.): /accounts/login/
"POST /accounts/login/ HTTP/1.1" 403 2518
Forbidden (CSRF token from POST incorrect.): /accounts/login/
"POST /accounts/login/ HTTP/1.1" 403 2518
"GET /accounts/login/ HTTP/1.1" 302 0
"GET / HTTP/1.1" 200 11773
"GET /static/css/base.css HTTP/1.1" 304 0
"GET / HTTP/1.1" 200 11773
"GET / HTTP/1.1" 200 11773
"GET /static/css/base.css HTTP/1.1" 200 10400
"GET /media/Hero_Image.png HTTP/1.1" 200 2678314
"GET /media/icons8-quill-pen-32.png HTTP/1.1" 200 605
"GET /static/css/base.css HTTP/1.1" 304 0
"GET / HTTP/1.1" 200 11773
"GET /static/css/base.css HTTP/1.1" 200 10401
"GET /media/Hero_Image.png HTTP/1.1" 200 2678314
"GET /media/icons8-quill-pen-32.png HTTP/1.1" 200 605
"GET /static/css/base.css HTTP/1.1" 304 0
"GET /products/ HTTP/1.1" 200 24136
Not Found: /products/media/icons8-quill-pen-32.png
"GET /products/media/icons8-quill-pen-32.png HTTP/1.1" 404 4872
"GET /products/ HTTP/1.1" 200 24136
"GET /products/?sort=name&direction=desc HTTP/1.1" 200 24137
"GET /products/?category=medical HTTP/1.1" 200 23995
"GET /profile/ HTTP/1.1" 200 11700
"GET /static/css/profile.css HTTP/1.1" 200 1548
"GET /static/js/countryfield.js HTTP/1.1" 404 1813
"GET /static/js/profile.js HTTP/1.1" 200 1196
"GET /media/profiles/Screenshot_2024-01-02_145000_jgICuao.webp HTTP/1.1" 200 8696
Not Found: /profile/media/icons8-quill-pen-32.png
"GET /profile/media/icons8-quill-pen-32.png HTTP/1.1" 404 3914
"GET /products/ HTTP/1.1" 200 24136
"GET /products/1794/ HTTP/1.1" 200 12998
Not Found: /products/1794/media/icons8-quill-pen-32.png
"GET /products/1794/media/icons8-quill-pen-32.png HTTP/1.1" 404 4887
"GET /products/edit/1794/ HTTP/1.1" 200 18529
Not Found: /products/edit/1794/media/icons8-quill-pen-32.png
"GET /products/edit/1794/media/icons8-quill-pen-32.png HTTP/1.1" 404 4902
"GET / HTTP/1.1" 200 11773
"GET /accounts/logout/ HTTP/1.1" 200 9420
Not Found: /accounts/logout/media/icons8-quill-pen-32.png
"GET /accounts/logout/media/icons8-quill-pen-32.png HTTP/1.1" 404 7250
"POST /accounts/logout/ HTTP/1.1" 302 0
"GET / HTTP/1.1" 200 11464
"GET /accounts/signup/ HTTP/1.1" 200 11172
Not Found: /accounts/signup/media/icons8-quill-pen-32.png
"GET /accounts/signup/media/icons8-quill-pen-32.png HTTP/1.1" 404 7250
"POST /accounts/signup/ HTTP/1.1" 302 0
"GET /accounts/confirm-email/ HTTP/1.1" 200 8808
"GET /static/css/base.css HTTP/1.1" 304 0
Not Found: /accounts/confirm-email/media/icons8-quill-pen-32.png
"GET /accounts/confirm-email/media/icons8-quill-pen-32.png HTTP/1.1" 404 7271
"GET /accounts/login/ HTTP/1.1" 200 10323
"GET /static/css/base.css HTTP/1.1" 304 0
Not Found: /accounts/login/media/icons8-quill-pen-32.png
"GET /accounts/login/media/icons8-quill-pen-32.png HTTP/1.1" 404 7247
"GET /admin/auth/user/ HTTP/1.1" 302 0
"GET /admin/login/?next=/admin/auth/user/ HTTP/1.1" 200 4522
"GET /static/admin/img/icon-yes.svg HTTP/1.1" 200 436
Not Found: /favicon.ico
"GET /favicon.ico HTTP/1.1" 404 3562
"POST /admin/login/?next=/admin/auth/user/ HTTP/1.1" 302 0
"GET /admin/auth/user/ HTTP/1.1" 200 14320
"GET /static/admin/css/changelists.css HTTP/1.1" 200 6584
"GET /static/admin/js/jquery.init.js HTTP/1.1" 200 347
"GET /static/admin/js/actions.js HTTP/1.1" 200 7872
"GET /admin/jsi18n/ HTTP/1.1" 200 3343
"GET /static/admin/js/core.js HTTP/1.1" 200 5682
"GET /static/admin/js/admin/RelatedObjectLookups.js HTTP/1.1" 200 8943
"GET /static/admin/js/urlify.js HTTP/1.1" 200 7887
"GET /static/admin/js/prepopulate.js HTTP/1.1" 200 1531
"GET /static/admin/js/vendor/jquery/jquery.js HTTP/1.1" 200 292458
"GET /static/admin/js/vendor/xregexp/xregexp.js HTTP/1.1" 200 232381
"GET /static/admin/img/search.svg HTTP/1.1" 200 458
"GET /static/admin/img/icon-no.svg HTTP/1.1" 200 560
"GET /static/admin/js/filters.js HTTP/1.1" 200 978
"GET /static/admin/img/tooltag-add.svg HTTP/1.1" 200 331
"GET /static/admin/img/sorting-icons.svg HTTP/1.1" 200 1097
"GET /admin/auth/user/3/change/ HTTP/1.1" 200 27047
"GET /static/admin/css/forms.css HTTP/1.1" 200 8953
"GET /static/admin/js/calendar.js HTTP/1.1" 200 8466
"GET /static/admin/js/admin/DateTimeShortcuts.js HTTP/1.1" 200 19319
"GET /static/admin/js/SelectFilter2.js HTTP/1.1" 200 15292
"GET /static/admin/js/SelectBox.js HTTP/1.1" 200 4530
"GET /admin/jsi18n/ HTTP/1.1" 200 3343
"GET /static/admin/js/prepopulate_init.js HTTP/1.1" 200 586
"GET /static/admin/css/widgets.css HTTP/1.1" 200 11952
"GET /static/admin/js/change_form.js HTTP/1.1" 200 606
"GET /static/admin/img/icon-unknown.svg HTTP/1.1" 200 655
"GET /static/admin/img/selector-icons.svg HTTP/1.1" 200 3291
"GET /static/admin/img/icon-unknown-alt.svg HTTP/1.1" 200 655
"GET /static/admin/img/icon-calendar.svg HTTP/1.1" 200 1086
"GET /static/admin/img/icon-clock.svg HTTP/1.1" 200 677
Forbidden (CSRF token from POST incorrect.): /accounts/login/
"POST /accounts/login/ HTTP/1.1" 403 2518
"GET /accounts/login/ HTTP/1.1" 302 0
"GET / HTTP/1.1" 200 11773
"GET /profile/ HTTP/1.1" 200 11700
"GET /static/js/countryfield.js HTTP/1.1" 404 1813
"GET /profile/ HTTP/1.1" 200 11700
"GET /static/js/countryfield.js HTTP/1.1" 404 1813
"GET /profile/ HTTP/1.1" 200 11700
"GET /static/js/countryfield.js HTTP/1.1" 404 1813
"GET / HTTP/1.1" 200 11773
"GET /accounts/logout/ HTTP/1.1" 200 9420
"POST /accounts/logout/ HTTP/1.1" 302 0
"GET / HTTP/1.1" 200 11464
"GET /accounts/login/ HTTP/1.1" 200 10323
"POST /accounts/login/ HTTP/1.1" 302 0
"GET /accounts/confirm-email/ HTTP/1.1" 200 8808
"GET /admin/auth/user/3/change/ HTTP/1.1" 302 0
"GET /admin/login/?next=/admin/auth/user/3/change/ HTTP/1.1" 200 4450
"GET /accounts/confirm-email/Mw:1rj60p:bECUBI0xNy9BmUxm1dHCIPWC3WJ0AT99ywuulozNc10/ HTTP/1.1" 200 9046
"GET /static/css/base.css HTTP/1.1" 304 0
Not Found: /accounts/confirm-email/Mw:1rj60p:bECUBI0xNy9BmUxm1dHCIPWC3WJ0AT99ywuulozNc10/media/icons8-quill-pen-32.png
"GET /accounts/confirm-email/Mw:1rj60p:bECUBI0xNy9BmUxm1dHCIPWC3WJ0AT99ywuulozNc10/media/icons8-quill-pen-32.png HTTP/1.1" 404 7433
"POST /accounts/confirm-email/Mw:1rj61t:TFn7_nT-vz5Hj-l8mjpJPmYbtUUdtGHU4i3rz4sqgA0/ HTTP/1.1" 302 0
"GET /accounts/login/ HTTP/1.1" 200 10323
"GET /accounts/login/ HTTP/1.1" 200 10323
"POST /accounts/login/ HTTP/1.1" 302 0
"GET / HTTP/1.1" 200 11521
"GET /products/ HTTP/1.1" 200 23884
"GET /products/1794/ HTTP/1.1" 200 12655
"GET /accounts/logout/ HTTP/1.1" 200 9168
"POST /accounts/logout/ HTTP/1.1" 302 0
"GET / HTTP/1.1" 200 11464
"GET /accounts/login/ HTTP/1.1" 200 10323
"POST /accounts/login/ HTTP/1.1" 302 0
"GET / HTTP/1.1" 200 11773
"GET / HTTP/1.1" 200 11773
"GET /products/ HTTP/1.1" 200 24136
"GET /products/1794/ HTTP/1.1" 200 12998
"GET /products/ HTTP/1.1" 200 24136
"GET /profile/ HTTP/1.1" 200 11700
"GET /static/js/countryfield.js HTTP/1.1" 404 1813
"GET /products/?category=computing HTTP/1.1" 200 24053
"POST /bag/add/3166/ HTTP/1.1" 302 0
"GET /products/ HTTP/1.1" 200 24136
"POST /bag/add/3175/ HTTP/1.1" 302 0
"GET /products/ HTTP/1.1" 200 24136
"GET /bag/ HTTP/1.1" 200 13434
Not Found: /bag/media/icons8-quill-pen-32.png
"GET /bag/media/icons8-quill-pen-32.png HTTP/1.1" 404 4273
"GET /checkout/ HTTP/1.1" 200 24440
"GET /static/css/checkout.css HTTP/1.1" 200 542
"GET /static/js/stripe_element.js HTTP/1.1" 200 1876
Not Found: /checkout/media/icons8-quill-pen-32.png
"GET /checkout/media/icons8-quill-pen-32.png HTTP/1.1" 404 4130
/mnt/c/Users/likwi/OneDrive/Desktop/PROJS/Quill/quill/settings.py changed, reloading.
Watching for file changes with StatReloader
/mnt/c/Users/likwi/OneDrive/Desktop/PROJS/Quill/quill/settings.py changed, reloading.
Watching for file changes with StatReloader
"GET /checkout/ HTTP/1.1" 200 24440
"GET /static/css/checkout.css HTTP/1.1" 200 542
"GET /static/css/base.css HTTP/1.1" 200 10401
"GET /static/js/stripe_element.js HTTP/1.1" 200 1876
Not Found: /checkout/media/icons8-quill-pen-32.png
"GET /checkout/media/icons8-quill-pen-32.png HTTP/1.1" 404 4130
"POST /checkout/ HTTP/1.1" 302 0
"GET /checkout/checkout_success/A712D2DBC2AC4010ACEFF4A360A7694E/ HTTP/1.1" 200 6443
"GET /static/checkout/css/checkout.css HTTP/1.1" 404 1834
Not Found: /checkout/checkout_success/A712D2DBC2AC4010ACEFF4A360A7694E/media/icons8-quill-pen-32.png
"GET /checkout/checkout_success/A712D2DBC2AC4010ACEFF4A360A7694E/media/icons8-quill-pen-32.png HTTP/1.1" 404 4280
"GET /products/ HTTP/1.1" 200 24136
Not Found: /products/media/icons8-quill-pen-32.png
"GET /products/media/icons8-quill-pen-32.png HTTP/1.1" 404 4872
"GET /profile/ HTTP/1.1" 200 11700
"GET /static/js/countryfield.js HTTP/1.1" 404 1813
Not Found: /profile/media/icons8-quill-pen-32.png
"GET /profile/media/icons8-quill-pen-32.png HTTP/1.1" 404 3914
/mnt/c/Users/likwi/OneDrive/Desktop/PROJS/Quill/profiles/urls.py changed, reloading.
Watching for file changes with StatReloader
/mnt/c/Users/likwi/OneDrive/Desktop/PROJS/Quill/profiles/views.py changed, reloading.
Watching for file changes with StatReloader
/mnt/c/Users/likwi/OneDrive/Desktop/PROJS/Quill/profiles/views.py changed, reloading.
Watching for file changes with StatReloader
/mnt/c/Users/likwi/OneDrive/Desktop/PROJS/Quill/profiles/views.py changed, reloading.
Watching for file changes with StatReloader
/mnt/c/Users/likwi/OneDrive/Desktop/PROJS/Quill/profiles/views.py changed, reloading.
Watching for file changes with StatReloader
/mnt/c/Users/likwi/OneDrive/Desktop/PROJS/Quill/profiles/views.py changed, reloading.
Watching for file changes with StatReloader
/mnt/c/Users/likwi/OneDrive/Desktop/PROJS/Quill/profiles/views.py changed, reloading.
Watching for file changes with StatReloader
/mnt/c/Users/likwi/OneDrive/Desktop/PROJS/Quill/profiles/views.py changed, reloading.
Watching for file changes with StatReloader
/mnt/c/Users/likwi/OneDrive/Desktop/PROJS/Quill/profiles/views.py changed, reloading.
Watching for file changes with StatReloader
/mnt/c/Users/likwi/OneDrive/Desktop/PROJS/Quill/profiles/views.py changed, reloading.
Watching for file changes with StatReloader
/mnt/c/Users/likwi/OneDrive/Desktop/PROJS/Quill/profiles/views.py changed, reloading.
Watching for file changes with StatReloader
/mnt/c/Users/likwi/OneDrive/Desktop/PROJS/Quill/profiles/views.py changed, reloading.
Watching for file changes with StatReloader
/mnt/c/Users/likwi/OneDrive/Desktop/PROJS/Quill/profiles/views.py changed, reloading.
Watching for file changes with StatReloader
/mnt/c/Users/likwi/OneDrive/Desktop/PROJS/Quill/profiles/views.py changed, reloading.
Watching for file changes with StatReloader
"GET /profile/ HTTP/1.1" 200 12468
"GET /static/css/profile.css HTTP/1.1" 200 1548
"GET /static/css/base.css HTTP/1.1" 200 10401
"GET /static/products/css/products.css HTTP/1.1" 200 11931
"GET /static/js/countryfield.js HTTP/1.1" 404 1813
"GET /media/profiles/Screenshot_2024-01-02_145000_jgICuao.webp HTTP/1.1" 200 8696
"GET /static/js/profile.js HTTP/1.1" 200 1196
Not Found: /profile/media/icons8-quill-pen-32.png
"GET /profile/media/icons8-quill-pen-32.png HTTP/1.1" 404 3914
"GET / HTTP/1.1" 200 11773
/mnt/c/Users/likwi/OneDrive/Desktop/PROJS/Quill/profiles/views.py changed, reloading.
Watching for file changes with StatReloader
/mnt/c/Users/likwi/OneDrive/Desktop/PROJS/Quill/profiles/views.py changed, reloading.
Watching for file changes with StatReloader
"GET / HTTP/1.1" 200 11773
"GET /static/css/base.css HTTP/1.1" 304 0
"GET /products/ HTTP/1.1" 200 24136
Not Found: /products/media/icons8-quill-pen-32.png
"GET /products/media/icons8-quill-pen-32.png HTTP/1.1" 404 4872
"GET / HTTP/1.1" 200 11773
"GET /products/ HTTP/1.1" 200 24136
"GET / HTTP/1.1" 200 11773
"GET /products/ HTTP/1.1" 200 24136
"GET /products/?category=medical HTTP/1.1" 200 23995
"GET / HTTP/1.1" 200 11773
"GET /products/ HTTP/1.1" 200 24136
"GET /products/?category=medical HTTP/1.1" 200 23995
"GET /products/?category=biography HTTP/1.1" 200 23806
"GET /products/?category=medical HTTP/1.1" 200 23995
"GET /products/?category=computing HTTP/1.1" 200 24053
/mnt/c/Users/likwi/OneDrive/Desktop/PROJS/Quill/quill/settings.py changed, reloading.
Watching for file changes with StatReloader
"GET /products/?category=computing HTTP/1.1" 200 24053
"GET /static/css/base.css HTTP/1.1" 200 10401
"GET /static/products/css/products.css HTTP/1.1" 200 11931
"GET /static/products/js/lazyload.js HTTP/1.1" 200 1991
Not Found: /products/media/icons8-quill-pen-32.png
"GET /products/media/icons8-quill-pen-32.png HTTP/1.1" 404 4872
"GET / HTTP/1.1" 200 11773
"GET /products/ HTTP/1.1" 200 24136
"GET /products/?category=medical HTTP/1.1" 200 23995
"GET / HTTP/1.1" 200 11773
"GET / HTTP/1.1" 200 11773
"GET /static/css/base.css HTTP/1.1" 200 10401
"GET /media/Hero_Image.png HTTP/1.1" 200 2678314
"GET /media/icons8-quill-pen-32.png HTTP/1.1" 200 605
"GET /products/ HTTP/1.1" 200 24136
Not Found: /products/media/icons8-quill-pen-32.png
"GET /products/media/icons8-quill-pen-32.png HTTP/1.1" 404 4872
"GET /products/ HTTP/1.1" 200 24136
"GET /products/3175/ HTTP/1.1" 200 13059
Not Found: /products/3175/media/icons8-quill-pen-32.png
"GET /products/3175/media/icons8-quill-pen-32.png HTTP/1.1" 404 4887
"GET /products/ HTTP/1.1" 200 24136
"GET /products/3181/ HTTP/1.1" 200 12949
Not Found: /products/3181/media/icons8-quill-pen-32.png
"GET /products/3181/media/icons8-quill-pen-32.png HTTP/1.1" 404 4887
"GET /bag/ HTTP/1.1" 200 10882
Not Found: /bag/media/icons8-quill-pen-32.png
"GET /bag/media/icons8-quill-pen-32.png HTTP/1.1" 404 4273
"GET /products/ HTTP/1.1" 200 24136
"GET /products/ HTTP/1.1" 200 24136
"GET /static/css/base.css HTTP/1.1" 200 10401
"GET /static/products/css/products.css HTTP/1.1" 200 11931
"GET /static/products/js/lazyload.js HTTP/1.1" 200 1991
Not Found: /products/media/icons8-quill-pen-32.png
"GET /products/media/icons8-quill-pen-32.png HTTP/1.1" 404 4872
"GET / HTTP/1.1" 200 11773
"GET /bag/ HTTP/1.1" 200 10882
Not Found: /bag/media/icons8-quill-pen-32.png
"GET /bag/media/icons8-quill-pen-32.png HTTP/1.1" 404 4273
"GET /products/?category=biography HTTP/1.1" 200 23806
"POST /bag/add/1791/ HTTP/1.1" 302 0
"GET /products/ HTTP/1.1" 200 24136
"GET /bag/ HTTP/1.1" 200 12040
"GET / HTTP/1.1" 200 11773
/mnt/c/Users/likwi/OneDrive/Desktop/PROJS/Quill/quill/settings.py changed, reloading.
Watching for file changes with StatReloader
Watching for file changes with StatReloader
"GET / HTTP/1.1" 200 11773
"GET /media/icons8-quill-pen-32.png HTTP/1.1" 200 605
/mnt/c/Users/likwi/OneDrive/Desktop/PROJS/Quill/quill/settings.py changed, reloading.
Watching for file changes with StatReloader
/mnt/c/Users/likwi/OneDrive/Desktop/PROJS/Quill/quill/settings.py changed, reloading.
Watching for file changes with StatReloader
/mnt/c/Users/likwi/OneDrive/Desktop/PROJS/Quill/quill/settings.py changed, reloading.
Watching for file changes with StatReloader
/mnt/c/Users/likwi/OneDrive/Desktop/PROJS/Quill/quill/settings.py changed, reloading.
Watching for file changes with StatReloader
"GET / HTTP/1.1" 200 11773
"GET /static/css/base.css HTTP/1.1" 304 0
"GET / HTTP/1.1" 200 11773
"GET /static/css/base.css HTTP/1.1" 200 10401
"GET /media/Hero_Image.png HTTP/1.1" 200 2678314
"GET /media/icons8-quill-pen-32.png HTTP/1.1" 200 605
"GET /bag/ HTTP/1.1" 200 12040
Not Found: /bag/media/icons8-quill-pen-32.png
"GET /bag/media/icons8-quill-pen-32.png HTTP/1.1" 404 4273
Internal Server Error: /checkout/
Traceback (most recent call last):
  File "/home/gbemi/.local/lib/python3.10/site-packages/django/template/backends/django.py", line 61, in render
    return self.template.render(context)
  File "/home/gbemi/.local/lib/python3.10/site-packages/django/template/base.py", line 175, in render
    return self._render(context)
  File "/home/gbemi/.local/lib/python3.10/site-packages/django/template/base.py", line 167, in _render
    return self.nodelist.render(context)
  File "/home/gbemi/.local/lib/python3.10/site-packages/django/template/base.py", line 1005, in render
    return SafeString("".join([node.render_annotated(context) for node in self]))
  File "/home/gbemi/.local/lib/python3.10/site-packages/django/template/base.py", line 1005, in <listcomp>
    return SafeString("".join([node.render_annotated(context) for node in self]))
  File "/home/gbemi/.local/lib/python3.10/site-packages/django/template/base.py", line 966, in render_annotated
    return self.render(context)
  File "/home/gbemi/.local/lib/python3.10/site-packages/django/template/loader_tags.py", line 157, in render
    return compiled_parent._render(context)
  File "/home/gbemi/.local/lib/python3.10/site-packages/django/template/base.py", line 167, in _render
    return self.nodelist.render(context)
  File "/home/gbemi/.local/lib/python3.10/site-packages/django/template/base.py", line 1005, in render
    return SafeString("".join([node.render_annotated(context) for node in self]))
  File "/home/gbemi/.local/lib/python3.10/site-packages/django/template/base.py", line 1005, in <listcomp>
    return SafeString("".join([node.render_annotated(context) for node in self]))
  File "/home/gbemi/.local/lib/python3.10/site-packages/django/template/base.py", line 966, in render_annotated
    return self.render(context)
  File "/home/gbemi/.local/lib/python3.10/site-packages/django/template/loader_tags.py", line 63, in render
    result = block.nodelist.render(context)
  File "/home/gbemi/.local/lib/python3.10/site-packages/django/template/base.py", line 1005, in render
    return SafeString("".join([node.render_annotated(context) for node in self]))
  File "/home/gbemi/.local/lib/python3.10/site-packages/django/template/base.py", line 1005, in <listcomp>
    return SafeString("".join([node.render_annotated(context) for node in self]))
  File "/home/gbemi/.local/lib/python3.10/site-packages/django/template/base.py", line 966, in render_annotated
    return self.render(context)
  File "/home/gbemi/.local/lib/python3.10/site-packages/django/template/base.py", line 1064, in render
    output = self.filter_expression.resolve(context)
  File "/home/gbemi/.local/lib/python3.10/site-packages/django/template/base.py", line 742, in resolve
    new_obj = func(obj, *arg_vals)
  File "/home/gbemi/.local/lib/python3.10/site-packages/crispy_forms/templatetags/crispy_forms_filters.py", line 58, in as_crispy_form
    template = uni_form_template(template_pack)
  File "/home/gbemi/.local/lib/python3.10/site-packages/crispy_forms/templatetags/crispy_forms_filters.py", line 21, in uni_form_template
    return get_template("%s/uni_form.html" % template_pack)
  File "/home/gbemi/.local/lib/python3.10/site-packages/django/template/loader.py", line 19, in get_template
    raise TemplateDoesNotExist(template_name, chain=chain)
django.template.exceptions.TemplateDoesNotExist: bootstrap4/uni_form.html

The above exception was the direct cause of the following exception:

Traceback (most recent call last):
  File "/home/gbemi/.local/lib/python3.10/site-packages/django/core/handlers/exception.py", line 55, in inner
    response = get_response(request)
  File "/home/gbemi/.local/lib/python3.10/site-packages/django/core/handlers/base.py", line 197, in _get_response
    response = wrapped_callback(request, *callback_args, **callback_kwargs)
  File "/mnt/c/Users/likwi/OneDrive/Desktop/PROJS/Quill/checkout/views.py", line 158, in checkout
    return render(request, template, context)
  File "/home/gbemi/.local/lib/python3.10/site-packages/django/shortcuts.py", line 24, in render
    content = loader.render_to_string(template_name, context, request, using=using)
  File "/home/gbemi/.local/lib/python3.10/site-packages/django/template/loader.py", line 62, in render_to_string
    return template.render(context, request)
  File "/home/gbemi/.local/lib/python3.10/site-packages/django/template/backends/django.py", line 63, in render
    reraise(exc, self.backend)
  File "/home/gbemi/.local/lib/python3.10/site-packages/django/template/backends/django.py", line 84, in reraise
    raise new from exc
django.template.exceptions.TemplateDoesNotExist: bootstrap4/uni_form.html
"GET /checkout/ HTTP/1.1" 500 208309
Not Found: /favicon.ico
"GET /favicon.ico HTTP/1.1" 404 3562
/mnt/c/Users/likwi/OneDrive/Desktop/PROJS/Quill/quill/settings.py changed, reloading.
Watching for file changes with StatReloader
/mnt/c/Users/likwi/OneDrive/Desktop/PROJS/Quill/quill/settings.py changed, reloading.
Watching for file changes with StatReloader
/mnt/c/Users/likwi/OneDrive/Desktop/PROJS/Quill/quill/settings.py changed, reloading.
Watching for file changes with StatReloader
/mnt/c/Users/likwi/OneDrive/Desktop/PROJS/Quill/quill/settings.py changed, reloading.
Watching for file changes with StatReloader
/mnt/c/Users/likwi/OneDrive/Desktop/PROJS/Quill/quill/settings.py changed, reloading.
Watching for file changes with StatReloader
"GET /checkout/ HTTP/1.1" 200 23576
Not Found: /checkout/media/icons8-quill-pen-32.png
"GET /checkout/media/icons8-quill-pen-32.png HTTP/1.1" 404 4130
"GET / HTTP/1.1" 200 11773
/mnt/c/Users/likwi/OneDrive/Desktop/PROJS/Quill/quill/settings.py changed, reloading.
Watching for file changes with StatReloader
/mnt/c/Users/likwi/OneDrive/Desktop/PROJS/Quill/quill/settings.py changed, reloading.
Watching for file changes with StatReloader
/mnt/c/Users/likwi/OneDrive/Desktop/PROJS/Quill/quill/settings.py changed, reloading.
Watching for file changes with StatReloader
/mnt/c/Users/likwi/OneDrive/Desktop/PROJS/Quill/quill/settings.py changed, reloading.
Watching for file changes with StatReloader
"GET /bag/ HTTP/1.1" 200 12040
Not Found: /bag/media/icons8-quill-pen-32.png
"GET /bag/media/icons8-quill-pen-32.png HTTP/1.1" 404 4273
Internal Server Error: /checkout/
Traceback (most recent call last):
  File "/home/gbemi/.local/lib/python3.10/site-packages/django/template/backends/django.py", line 61, in render
    return self.template.render(context)
  File "/home/gbemi/.local/lib/python3.10/site-packages/django/template/base.py", line 175, in render
    return self._render(context)
  File "/home/gbemi/.local/lib/python3.10/site-packages/django/template/base.py", line 167, in _render
    return self.nodelist.render(context)
  File "/home/gbemi/.local/lib/python3.10/site-packages/django/template/base.py", line 1005, in render
    return SafeString("".join([node.render_annotated(context) for node in self]))
  File "/home/gbemi/.local/lib/python3.10/site-packages/django/template/base.py", line 1005, in <listcomp>
    return SafeString("".join([node.render_annotated(context) for node in self]))
  File "/home/gbemi/.local/lib/python3.10/site-packages/django/template/base.py", line 966, in render_annotated
    return self.render(context)
  File "/home/gbemi/.local/lib/python3.10/site-packages/django/template/loader_tags.py", line 157, in render
    return compiled_parent._render(context)
  File "/home/gbemi/.local/lib/python3.10/site-packages/django/template/base.py", line 167, in _render
    return self.nodelist.render(context)
  File "/home/gbemi/.local/lib/python3.10/site-packages/django/template/base.py", line 1005, in render
    return SafeString("".join([node.render_annotated(context) for node in self]))
  File "/home/gbemi/.local/lib/python3.10/site-packages/django/template/base.py", line 1005, in <listcomp>
    return SafeString("".join([node.render_annotated(context) for node in self]))
  File "/home/gbemi/.local/lib/python3.10/site-packages/django/template/base.py", line 966, in render_annotated
    return self.render(context)
  File "/home/gbemi/.local/lib/python3.10/site-packages/django/template/loader_tags.py", line 63, in render
    result = block.nodelist.render(context)
  File "/home/gbemi/.local/lib/python3.10/site-packages/django/template/base.py", line 1005, in render
    return SafeString("".join([node.render_annotated(context) for node in self]))
  File "/home/gbemi/.local/lib/python3.10/site-packages/django/template/base.py", line 1005, in <listcomp>
    return SafeString("".join([node.render_annotated(context) for node in self]))
  File "/home/gbemi/.local/lib/python3.10/site-packages/django/template/base.py", line 966, in render_annotated
    return self.render(context)
  File "/home/gbemi/.local/lib/python3.10/site-packages/django/template/base.py", line 1064, in render
    output = self.filter_expression.resolve(context)
  File "/home/gbemi/.local/lib/python3.10/site-packages/django/template/base.py", line 742, in resolve
    new_obj = func(obj, *arg_vals)
  File "/home/gbemi/.local/lib/python3.10/site-packages/crispy_forms/templatetags/crispy_forms_filters.py", line 58, in as_crispy_form
    template = uni_form_template(template_pack)
  File "/home/gbemi/.local/lib/python3.10/site-packages/crispy_forms/templatetags/crispy_forms_filters.py", line 21, in uni_form_template
    return get_template("%s/uni_form.html" % template_pack)
  File "/home/gbemi/.local/lib/python3.10/site-packages/django/template/loader.py", line 19, in get_template
    raise TemplateDoesNotExist(template_name, chain=chain)
django.template.exceptions.TemplateDoesNotExist: bootstrap4/uni_form.html

The above exception was the direct cause of the following exception:

Traceback (most recent call last):
  File "/home/gbemi/.local/lib/python3.10/site-packages/django/core/handlers/exception.py", line 55, in inner
    response = get_response(request)
  File "/home/gbemi/.local/lib/python3.10/site-packages/django/core/handlers/base.py", line 197, in _get_response
    response = wrapped_callback(request, *callback_args, **callback_kwargs)
  File "/mnt/c/Users/likwi/OneDrive/Desktop/PROJS/Quill/checkout/views.py", line 158, in checkout
    return render(request, template, context)
  File "/home/gbemi/.local/lib/python3.10/site-packages/django/shortcuts.py", line 24, in render
    content = loader.render_to_string(template_name, context, request, using=using)
  File "/home/gbemi/.local/lib/python3.10/site-packages/django/template/loader.py", line 62, in render_to_string
    return template.render(context, request)
  File "/home/gbemi/.local/lib/python3.10/site-packages/django/template/backends/django.py", line 63, in render
    reraise(exc, self.backend)
  File "/home/gbemi/.local/lib/python3.10/site-packages/django/template/backends/django.py", line 84, in reraise
    raise new from exc
django.template.exceptions.TemplateDoesNotExist: bootstrap4/uni_form.html
"GET /checkout/ HTTP/1.1" 500 208483
Not Found: /favicon.ico
"GET /favicon.ico HTTP/1.1" 404 3562
/mnt/c/Users/likwi/OneDrive/Desktop/PROJS/Quill/quill/settings.py changed, reloading.
Watching for file changes with StatReloader
"GET /admin/login/?next=/admin/auth/user/3/change/ HTTP/1.1" 302 0
"GET /admin/ HTTP/1.1" 200 11623
/mnt/c/Users/likwi/OneDrive/Desktop/PROJS/Quill/quill/settings.py changed, reloading.
Watching for file changes with StatReloader
/mnt/c/Users/likwi/OneDrive/Desktop/PROJS/Quill/quill/settings.py changed, reloading.
Watching for file changes with StatReloader
/mnt/c/Users/likwi/OneDrive/Desktop/PROJS/Quill/quill/settings.py changed, reloading.
Watching for file changes with StatReloader
/mnt/c/Users/likwi/OneDrive/Desktop/PROJS/Quill/quill/settings.py changed, reloading.
Watching for file changes with StatReloader
/mnt/c/Users/likwi/OneDrive/Desktop/PROJS/Quill/quill/settings.py changed, reloading.
Watching for file changes with StatReloader
/mnt/c/Users/likwi/OneDrive/Desktop/PROJS/Quill/quill/settings.py changed, reloading.
Watching for file changes with StatReloader
/mnt/c/Users/likwi/OneDrive/Desktop/PROJS/Quill/quill/settings.py changed, reloading.
Watching for file changes with StatReloader
/mnt/c/Users/likwi/OneDrive/Desktop/PROJS/Quill/quill/settings.py changed, reloading.
Watching for file changes with StatReloader
Internal Server Error: /checkout/
Traceback (most recent call last):
  File "/home/gbemi/.local/lib/python3.10/site-packages/django/template/backends/django.py", line 61, in render
    return self.template.render(context)
  File "/home/gbemi/.local/lib/python3.10/site-packages/django/template/base.py", line 175, in render
    return self._render(context)
  File "/home/gbemi/.local/lib/python3.10/site-packages/django/template/base.py", line 167, in _render
    return self.nodelist.render(context)
  File "/home/gbemi/.local/lib/python3.10/site-packages/django/template/base.py", line 1005, in render
    return SafeString("".join([node.render_annotated(context) for node in self]))
  File "/home/gbemi/.local/lib/python3.10/site-packages/django/template/base.py", line 1005, in <listcomp>
    return SafeString("".join([node.render_annotated(context) for node in self]))
  File "/home/gbemi/.local/lib/python3.10/site-packages/django/template/base.py", line 966, in render_annotated
    return self.render(context)
  File "/home/gbemi/.local/lib/python3.10/site-packages/django/template/loader_tags.py", line 157, in render
    return compiled_parent._render(context)
  File "/home/gbemi/.local/lib/python3.10/site-packages/django/template/base.py", line 167, in _render
    return self.nodelist.render(context)
  File "/home/gbemi/.local/lib/python3.10/site-packages/django/template/base.py", line 1005, in render
    return SafeString("".join([node.render_annotated(context) for node in self]))
  File "/home/gbemi/.local/lib/python3.10/site-packages/django/template/base.py", line 1005, in <listcomp>
    return SafeString("".join([node.render_annotated(context) for node in self]))
  File "/home/gbemi/.local/lib/python3.10/site-packages/django/template/base.py", line 966, in render_annotated
    return self.render(context)
  File "/home/gbemi/.local/lib/python3.10/site-packages/django/template/loader_tags.py", line 63, in render
    result = block.nodelist.render(context)
  File "/home/gbemi/.local/lib/python3.10/site-packages/django/template/base.py", line 1005, in render
    return SafeString("".join([node.render_annotated(context) for node in self]))
  File "/home/gbemi/.local/lib/python3.10/site-packages/django/template/base.py", line 1005, in <listcomp>
    return SafeString("".join([node.render_annotated(context) for node in self]))
  File "/home/gbemi/.local/lib/python3.10/site-packages/django/template/base.py", line 966, in render_annotated
    return self.render(context)
  File "/home/gbemi/.local/lib/python3.10/site-packages/django/template/base.py", line 1064, in render
    output = self.filter_expression.resolve(context)
  File "/home/gbemi/.local/lib/python3.10/site-packages/django/template/base.py", line 742, in resolve
    new_obj = func(obj, *arg_vals)
  File "/home/gbemi/.local/lib/python3.10/site-packages/crispy_forms/templatetags/crispy_forms_filters.py", line 58, in as_crispy_form
    template = uni_form_template(template_pack)
  File "/home/gbemi/.local/lib/python3.10/site-packages/crispy_forms/templatetags/crispy_forms_filters.py", line 21, in uni_form_template
    return get_template("%s/uni_form.html" % template_pack)
  File "/home/gbemi/.local/lib/python3.10/site-packages/django/template/loader.py", line 19, in get_template
    raise TemplateDoesNotExist(template_name, chain=chain)
django.template.exceptions.TemplateDoesNotExist: bootstrap4/uni_form.html

The above exception was the direct cause of the following exception:

Traceback (most recent call last):
  File "/home/gbemi/.local/lib/python3.10/site-packages/django/core/handlers/exception.py", line 55, in inner
    response = get_response(request)
  File "/home/gbemi/.local/lib/python3.10/site-packages/django/core/handlers/base.py", line 197, in _get_response
    response = wrapped_callback(request, *callback_args, **callback_kwargs)
  File "/mnt/c/Users/likwi/OneDrive/Desktop/PROJS/Quill/checkout/views.py", line 158, in checkout
    return render(request, template, context)
  File "/home/gbemi/.local/lib/python3.10/site-packages/django/shortcuts.py", line 24, in render
    content = loader.render_to_string(template_name, context, request, using=using)
  File "/home/gbemi/.local/lib/python3.10/site-packages/django/template/loader.py", line 62, in render_to_string
    return template.render(context, request)
  File "/home/gbemi/.local/lib/python3.10/site-packages/django/template/backends/django.py", line 63, in render
    reraise(exc, self.backend)
  File "/home/gbemi/.local/lib/python3.10/site-packages/django/template/backends/django.py", line 84, in reraise
    raise new from exc
django.template.exceptions.TemplateDoesNotExist: bootstrap4/uni_form.html
"GET /checkout/ HTTP/1.1" 500 207043
/mnt/c/Users/likwi/OneDrive/Desktop/PROJS/Quill/quill/settings.py changed, reloading.
Watching for file changes with StatReloader
Internal Server Error: /checkout/
Traceback (most recent call last):
  File "/home/gbemi/.local/lib/python3.10/site-packages/django/template/backends/django.py", line 61, in render
    return self.template.render(context)
  File "/home/gbemi/.local/lib/python3.10/site-packages/django/template/base.py", line 175, in render
    return self._render(context)
  File "/home/gbemi/.local/lib/python3.10/site-packages/django/template/base.py", line 167, in _render
    return self.nodelist.render(context)
  File "/home/gbemi/.local/lib/python3.10/site-packages/django/template/base.py", line 1005, in render
    return SafeString("".join([node.render_annotated(context) for node in self]))
  File "/home/gbemi/.local/lib/python3.10/site-packages/django/template/base.py", line 1005, in <listcomp>
    return SafeString("".join([node.render_annotated(context) for node in self]))
  File "/home/gbemi/.local/lib/python3.10/site-packages/django/template/base.py", line 966, in render_annotated
    return self.render(context)
  File "/home/gbemi/.local/lib/python3.10/site-packages/django/template/loader_tags.py", line 157, in render
    return compiled_parent._render(context)
  File "/home/gbemi/.local/lib/python3.10/site-packages/django/template/base.py", line 167, in _render
    return self.nodelist.render(context)
  File "/home/gbemi/.local/lib/python3.10/site-packages/django/template/base.py", line 1005, in render
    return SafeString("".join([node.render_annotated(context) for node in self]))
  File "/home/gbemi/.local/lib/python3.10/site-packages/django/template/base.py", line 1005, in <listcomp>
    return SafeString("".join([node.render_annotated(context) for node in self]))
  File "/home/gbemi/.local/lib/python3.10/site-packages/django/template/base.py", line 966, in render_annotated
    return self.render(context)
  File "/home/gbemi/.local/lib/python3.10/site-packages/django/template/loader_tags.py", line 63, in render
    result = block.nodelist.render(context)
  File "/home/gbemi/.local/lib/python3.10/site-packages/django/template/base.py", line 1005, in render
    return SafeString("".join([node.render_annotated(context) for node in self]))
  File "/home/gbemi/.local/lib/python3.10/site-packages/django/template/base.py", line 1005, in <listcomp>
    return SafeString("".join([node.render_annotated(context) for node in self]))
  File "/home/gbemi/.local/lib/python3.10/site-packages/django/template/base.py", line 966, in render_annotated
    return self.render(context)
  File "/home/gbemi/.local/lib/python3.10/site-packages/django/template/base.py", line 1064, in render
    output = self.filter_expression.resolve(context)
  File "/home/gbemi/.local/lib/python3.10/site-packages/django/template/base.py", line 742, in resolve
    new_obj = func(obj, *arg_vals)
  File "/home/gbemi/.local/lib/python3.10/site-packages/crispy_forms/templatetags/crispy_forms_filters.py", line 58, in as_crispy_form
    template = uni_form_template(template_pack)
  File "/home/gbemi/.local/lib/python3.10/site-packages/crispy_forms/templatetags/crispy_forms_filters.py", line 21, in uni_form_template
    return get_template("%s/uni_form.html" % template_pack)
  File "/home/gbemi/.local/lib/python3.10/site-packages/django/template/loader.py", line 19, in get_template
    raise TemplateDoesNotExist(template_name, chain=chain)
django.template.exceptions.TemplateDoesNotExist: bootstrap4/uni_form.html

The above exception was the direct cause of the following exception:

Traceback (most recent call last):
  File "/home/gbemi/.local/lib/python3.10/site-packages/django/core/handlers/exception.py", line 55, in inner
    response = get_response(request)
  File "/home/gbemi/.local/lib/python3.10/site-packages/django/core/handlers/base.py", line 197, in _get_response
    response = wrapped_callback(request, *callback_args, **callback_kwargs)
  File "/mnt/c/Users/likwi/OneDrive/Desktop/PROJS/Quill/checkout/views.py", line 158, in checkout
    return render(request, template, context)
  File "/home/gbemi/.local/lib/python3.10/site-packages/django/shortcuts.py", line 24, in render
    content = loader.render_to_string(template_name, context, request, using=using)
  File "/home/gbemi/.local/lib/python3.10/site-packages/django/template/loader.py", line 62, in render_to_string
    return template.render(context, request)
  File "/home/gbemi/.local/lib/python3.10/site-packages/django/template/backends/django.py", line 63, in render
    reraise(exc, self.backend)
  File "/home/gbemi/.local/lib/python3.10/site-packages/django/template/backends/django.py", line 84, in reraise
    raise new from exc
django.template.exceptions.TemplateDoesNotExist: bootstrap4/uni_form.html
"GET /checkout/ HTTP/1.1" 500 207043
/mnt/c/Users/likwi/OneDrive/Desktop/PROJS/Quill/quill/settings.py changed, reloading.
Watching for file changes with StatReloader
/mnt/c/Users/likwi/OneDrive/Desktop/PROJS/Quill/quill/settings.py changed, reloading.
Watching for file changes with StatReloader
/mnt/c/Users/likwi/OneDrive/Desktop/PROJS/Quill/quill/settings.py changed, reloading.
Watching for file changes with StatReloader
/mnt/c/Users/likwi/OneDrive/Desktop/PROJS/Quill/quill/settings.py changed, reloading.
Watching for file changes with StatReloader
/mnt/c/Users/likwi/OneDrive/Desktop/PROJS/Quill/quill/settings.py changed, reloading.
Watching for file changes with StatReloader
/mnt/c/Users/likwi/OneDrive/Desktop/PROJS/Quill/quill/settings.py changed, reloading.
Watching for file changes with StatReloader
/mnt/c/Users/likwi/OneDrive/Desktop/PROJS/Quill/quill/settings.py changed, reloading.
Watching for file changes with StatReloader
/mnt/c/Users/likwi/OneDrive/Desktop/PROJS/Quill/quill/settings.py changed, reloading.
Watching for file changes with StatReloader
/mnt/c/Users/likwi/OneDrive/Desktop/PROJS/Quill/quill/settings.py changed, reloading.
Watching for file changes with StatReloader
/mnt/c/Users/likwi/OneDrive/Desktop/PROJS/Quill/quill/settings.py changed, reloading.
Watching for file changes with StatReloader
/mnt/c/Users/likwi/OneDrive/Desktop/PROJS/Quill/quill/settings.py changed, reloading.
Watching for file changes with StatReloader
/mnt/c/Users/likwi/OneDrive/Desktop/PROJS/Quill/quill/settings.py changed, reloading.
Watching for file changes with StatReloader
Internal Server Error: /checkout/
Traceback (most recent call last):
  File "/home/gbemi/.local/lib/python3.10/site-packages/django/template/backends/django.py", line 61, in render
    return self.template.render(context)
  File "/home/gbemi/.local/lib/python3.10/site-packages/django/template/base.py", line 175, in render
    return self._render(context)
  File "/home/gbemi/.local/lib/python3.10/site-packages/django/template/base.py", line 167, in _render
    return self.nodelist.render(context)
  File "/home/gbemi/.local/lib/python3.10/site-packages/django/template/base.py", line 1005, in render
    return SafeString("".join([node.render_annotated(context) for node in self]))
  File "/home/gbemi/.local/lib/python3.10/site-packages/django/template/base.py", line 1005, in <listcomp>
    return SafeString("".join([node.render_annotated(context) for node in self]))
  File "/home/gbemi/.local/lib/python3.10/site-packages/django/template/base.py", line 966, in render_annotated
    return self.render(context)
  File "/home/gbemi/.local/lib/python3.10/site-packages/django/template/loader_tags.py", line 157, in render
    return compiled_parent._render(context)
  File "/home/gbemi/.local/lib/python3.10/site-packages/django/template/base.py", line 167, in _render
    return self.nodelist.render(context)
  File "/home/gbemi/.local/lib/python3.10/site-packages/django/template/base.py", line 1005, in render
    return SafeString("".join([node.render_annotated(context) for node in self]))
  File "/home/gbemi/.local/lib/python3.10/site-packages/django/template/base.py", line 1005, in <listcomp>
    return SafeString("".join([node.render_annotated(context) for node in self]))
  File "/home/gbemi/.local/lib/python3.10/site-packages/django/template/base.py", line 966, in render_annotated
    return self.render(context)
  File "/home/gbemi/.local/lib/python3.10/site-packages/django/template/loader_tags.py", line 63, in render
    result = block.nodelist.render(context)
  File "/home/gbemi/.local/lib/python3.10/site-packages/django/template/base.py", line 1005, in render
    return SafeString("".join([node.render_annotated(context) for node in self]))
  File "/home/gbemi/.local/lib/python3.10/site-packages/django/template/base.py", line 1005, in <listcomp>
    return SafeString("".join([node.render_annotated(context) for node in self]))
  File "/home/gbemi/.local/lib/python3.10/site-packages/django/template/base.py", line 966, in render_annotated
    return self.render(context)
  File "/home/gbemi/.local/lib/python3.10/site-packages/django/template/base.py", line 1064, in render
    output = self.filter_expression.resolve(context)
  File "/home/gbemi/.local/lib/python3.10/site-packages/django/template/base.py", line 742, in resolve
    new_obj = func(obj, *arg_vals)
  File "/home/gbemi/.local/lib/python3.10/site-packages/crispy_forms/templatetags/crispy_forms_filters.py", line 58, in as_crispy_form
    template = uni_form_template(template_pack)
  File "/home/gbemi/.local/lib/python3.10/site-packages/crispy_forms/templatetags/crispy_forms_filters.py", line 21, in uni_form_template
    return get_template("%s/uni_form.html" % template_pack)
  File "/home/gbemi/.local/lib/python3.10/site-packages/django/template/loader.py", line 19, in get_template
    raise TemplateDoesNotExist(template_name, chain=chain)
django.template.exceptions.TemplateDoesNotExist: bootstrap4/uni_form.html

The above exception was the direct cause of the following exception:

Traceback (most recent call last):
  File "/home/gbemi/.local/lib/python3.10/site-packages/django/core/handlers/exception.py", line 55, in inner
    response = get_response(request)
  File "/home/gbemi/.local/lib/python3.10/site-packages/django/core/handlers/base.py", line 197, in _get_response
    response = wrapped_callback(request, *callback_args, **callback_kwargs)
  File "/mnt/c/Users/likwi/OneDrive/Desktop/PROJS/Quill/checkout/views.py", line 158, in checkout
    return render(request, template, context)
  File "/home/gbemi/.local/lib/python3.10/site-packages/django/shortcuts.py", line 24, in render
    content = loader.render_to_string(template_name, context, request, using=using)
  File "/home/gbemi/.local/lib/python3.10/site-packages/django/template/loader.py", line 62, in render_to_string
    return template.render(context, request)
  File "/home/gbemi/.local/lib/python3.10/site-packages/django/template/backends/django.py", line 63, in render
    reraise(exc, self.backend)
  File "/home/gbemi/.local/lib/python3.10/site-packages/django/template/backends/django.py", line 84, in reraise
    raise new from exc
django.template.exceptions.TemplateDoesNotExist: bootstrap4/uni_form.html
"GET /checkout/ HTTP/1.1" 500 207649
Internal Server Error: /checkout/
Traceback (most recent call last):
  File "/home/gbemi/.local/lib/python3.10/site-packages/django/template/backends/django.py", line 61, in render
    return self.template.render(context)
  File "/home/gbemi/.local/lib/python3.10/site-packages/django/template/base.py", line 175, in render
    return self._render(context)
  File "/home/gbemi/.local/lib/python3.10/site-packages/django/template/base.py", line 167, in _render
    return self.nodelist.render(context)
  File "/home/gbemi/.local/lib/python3.10/site-packages/django/template/base.py", line 1005, in render
    return SafeString("".join([node.render_annotated(context) for node in self]))
  File "/home/gbemi/.local/lib/python3.10/site-packages/django/template/base.py", line 1005, in <listcomp>
    return SafeString("".join([node.render_annotated(context) for node in self]))
  File "/home/gbemi/.local/lib/python3.10/site-packages/django/template/base.py", line 966, in render_annotated
    return self.render(context)
  File "/home/gbemi/.local/lib/python3.10/site-packages/django/template/loader_tags.py", line 157, in render
    return compiled_parent._render(context)
  File "/home/gbemi/.local/lib/python3.10/site-packages/django/template/base.py", line 167, in _render
    return self.nodelist.render(context)
  File "/home/gbemi/.local/lib/python3.10/site-packages/django/template/base.py", line 1005, in render
    return SafeString("".join([node.render_annotated(context) for node in self]))
  File "/home/gbemi/.local/lib/python3.10/site-packages/django/template/base.py", line 1005, in <listcomp>
    return SafeString("".join([node.render_annotated(context) for node in self]))
  File "/home/gbemi/.local/lib/python3.10/site-packages/django/template/base.py", line 966, in render_annotated
    return self.render(context)
  File "/home/gbemi/.local/lib/python3.10/site-packages/django/template/loader_tags.py", line 63, in render
    result = block.nodelist.render(context)
  File "/home/gbemi/.local/lib/python3.10/site-packages/django/template/base.py", line 1005, in render
    return SafeString("".join([node.render_annotated(context) for node in self]))
  File "/home/gbemi/.local/lib/python3.10/site-packages/django/template/base.py", line 1005, in <listcomp>
    return SafeString("".join([node.render_annotated(context) for node in self]))
  File "/home/gbemi/.local/lib/python3.10/site-packages/django/template/base.py", line 966, in render_annotated
    return self.render(context)
  File "/home/gbemi/.local/lib/python3.10/site-packages/django/template/base.py", line 1064, in render
    output = self.filter_expression.resolve(context)
  File "/home/gbemi/.local/lib/python3.10/site-packages/django/template/base.py", line 742, in resolve
    new_obj = func(obj, *arg_vals)
  File "/home/gbemi/.local/lib/python3.10/site-packages/crispy_forms/templatetags/crispy_forms_filters.py", line 58, in as_crispy_form
    template = uni_form_template(template_pack)
  File "/home/gbemi/.local/lib/python3.10/site-packages/crispy_forms/templatetags/crispy_forms_filters.py", line 21, in uni_form_template
    return get_template("%s/uni_form.html" % template_pack)
  File "/home/gbemi/.local/lib/python3.10/site-packages/django/template/loader.py", line 19, in get_template
    raise TemplateDoesNotExist(template_name, chain=chain)
django.template.exceptions.TemplateDoesNotExist: bootstrap4/uni_form.html

The above exception was the direct cause of the following exception:

Traceback (most recent call last):
  File "/home/gbemi/.local/lib/python3.10/site-packages/django/core/handlers/exception.py", line 55, in inner
    response = get_response(request)
  File "/home/gbemi/.local/lib/python3.10/site-packages/django/core/handlers/base.py", line 197, in _get_response
    response = wrapped_callback(request, *callback_args, **callback_kwargs)
  File "/mnt/c/Users/likwi/OneDrive/Desktop/PROJS/Quill/checkout/views.py", line 158, in checkout
    return render(request, template, context)
  File "/home/gbemi/.local/lib/python3.10/site-packages/django/shortcuts.py", line 24, in render
    content = loader.render_to_string(template_name, context, request, using=using)
  File "/home/gbemi/.local/lib/python3.10/site-packages/django/template/loader.py", line 62, in render_to_string
    return template.render(context, request)
  File "/home/gbemi/.local/lib/python3.10/site-packages/django/template/backends/django.py", line 63, in render
    reraise(exc, self.backend)
  File "/home/gbemi/.local/lib/python3.10/site-packages/django/template/backends/django.py", line 84, in reraise
    raise new from exc
django.template.exceptions.TemplateDoesNotExist: bootstrap4/uni_form.html
"GET /checkout/ HTTP/1.1" 500 207649
/mnt/c/Users/likwi/OneDrive/Desktop/PROJS/Quill/quill/settings.py changed, reloading.
Watching for file changes with StatReloader
/mnt/c/Users/likwi/OneDrive/Desktop/PROJS/Quill/quill/settings.py changed, reloading.
Watching for file changes with StatReloader
Internal Server Error: /checkout/
Traceback (most recent call last):
  File "/home/gbemi/.local/lib/python3.10/site-packages/django/template/backends/django.py", line 61, in render
    return self.template.render(context)
  File "/home/gbemi/.local/lib/python3.10/site-packages/django/template/base.py", line 175, in render
    return self._render(context)
  File "/home/gbemi/.local/lib/python3.10/site-packages/django/template/base.py", line 167, in _render
    return self.nodelist.render(context)
  File "/home/gbemi/.local/lib/python3.10/site-packages/django/template/base.py", line 1005, in render
    return SafeString("".join([node.render_annotated(context) for node in self]))
  File "/home/gbemi/.local/lib/python3.10/site-packages/django/template/base.py", line 1005, in <listcomp>
    return SafeString("".join([node.render_annotated(context) for node in self]))
  File "/home/gbemi/.local/lib/python3.10/site-packages/django/template/base.py", line 966, in render_annotated
    return self.render(context)
  File "/home/gbemi/.local/lib/python3.10/site-packages/django/template/loader_tags.py", line 157, in render
    return compiled_parent._render(context)
  File "/home/gbemi/.local/lib/python3.10/site-packages/django/template/base.py", line 167, in _render
    return self.nodelist.render(context)
  File "/home/gbemi/.local/lib/python3.10/site-packages/django/template/base.py", line 1005, in render
    return SafeString("".join([node.render_annotated(context) for node in self]))
  File "/home/gbemi/.local/lib/python3.10/site-packages/django/template/base.py", line 1005, in <listcomp>
    return SafeString("".join([node.render_annotated(context) for node in self]))
  File "/home/gbemi/.local/lib/python3.10/site-packages/django/template/base.py", line 966, in render_annotated
    return self.render(context)
  File "/home/gbemi/.local/lib/python3.10/site-packages/django/template/loader_tags.py", line 63, in render
    result = block.nodelist.render(context)
  File "/home/gbemi/.local/lib/python3.10/site-packages/django/template/base.py", line 1005, in render
    return SafeString("".join([node.render_annotated(context) for node in self]))
  File "/home/gbemi/.local/lib/python3.10/site-packages/django/template/base.py", line 1005, in <listcomp>
    return SafeString("".join([node.render_annotated(context) for node in self]))
  File "/home/gbemi/.local/lib/python3.10/site-packages/django/template/base.py", line 966, in render_annotated
    return self.render(context)
  File "/home/gbemi/.local/lib/python3.10/site-packages/django/template/base.py", line 1064, in render
    output = self.filter_expression.resolve(context)
  File "/home/gbemi/.local/lib/python3.10/site-packages/django/template/base.py", line 742, in resolve
    new_obj = func(obj, *arg_vals)
  File "/home/gbemi/.local/lib/python3.10/site-packages/crispy_forms/templatetags/crispy_forms_filters.py", line 58, in as_crispy_form
    template = uni_form_template(template_pack)
  File "/home/gbemi/.local/lib/python3.10/site-packages/crispy_forms/templatetags/crispy_forms_filters.py", line 21, in uni_form_template
    return get_template("%s/uni_form.html" % template_pack)
  File "/home/gbemi/.local/lib/python3.10/site-packages/django/template/loader.py", line 19, in get_template
    raise TemplateDoesNotExist(template_name, chain=chain)
django.template.exceptions.TemplateDoesNotExist: bootstrap4/uni_form.html

The above exception was the direct cause of the following exception:

Traceback (most recent call last):
  File "/home/gbemi/.local/lib/python3.10/site-packages/django/core/handlers/exception.py", line 55, in inner
    response = get_response(request)
  File "/home/gbemi/.local/lib/python3.10/site-packages/django/core/handlers/base.py", line 197, in _get_response
    response = wrapped_callback(request, *callback_args, **callback_kwargs)
  File "/mnt/c/Users/likwi/OneDrive/Desktop/PROJS/Quill/checkout/views.py", line 158, in checkout
    return render(request, template, context)
  File "/home/gbemi/.local/lib/python3.10/site-packages/django/shortcuts.py", line 24, in render
    content = loader.render_to_string(template_name, context, request, using=using)
  File "/home/gbemi/.local/lib/python3.10/site-packages/django/template/loader.py", line 62, in render_to_string
    return template.render(context, request)
  File "/home/gbemi/.local/lib/python3.10/site-packages/django/template/backends/django.py", line 63, in render
    reraise(exc, self.backend)
  File "/home/gbemi/.local/lib/python3.10/site-packages/django/template/backends/django.py", line 84, in reraise
    raise new from exc
django.template.exceptions.TemplateDoesNotExist: bootstrap4/uni_form.html
"GET /checkout/ HTTP/1.1" 500 207649
"GET /bag/ HTTP/1.1" 200 12040
Internal Server Error: /checkout/
Traceback (most recent call last):
  File "/home/gbemi/.local/lib/python3.10/site-packages/django/template/backends/django.py", line 61, in render
    return self.template.render(context)
  File "/home/gbemi/.local/lib/python3.10/site-packages/django/template/base.py", line 175, in render
    return self._render(context)
  File "/home/gbemi/.local/lib/python3.10/site-packages/django/template/base.py", line 167, in _render
    return self.nodelist.render(context)
  File "/home/gbemi/.local/lib/python3.10/site-packages/django/template/base.py", line 1005, in render
    return SafeString("".join([node.render_annotated(context) for node in self]))
  File "/home/gbemi/.local/lib/python3.10/site-packages/django/template/base.py", line 1005, in <listcomp>
    return SafeString("".join([node.render_annotated(context) for node in self]))
  File "/home/gbemi/.local/lib/python3.10/site-packages/django/template/base.py", line 966, in render_annotated
    return self.render(context)
  File "/home/gbemi/.local/lib/python3.10/site-packages/django/template/loader_tags.py", line 157, in render
    return compiled_parent._render(context)
  File "/home/gbemi/.local/lib/python3.10/site-packages/django/template/base.py", line 167, in _render
    return self.nodelist.render(context)
  File "/home/gbemi/.local/lib/python3.10/site-packages/django/template/base.py", line 1005, in render
    return SafeString("".join([node.render_annotated(context) for node in self]))
  File "/home/gbemi/.local/lib/python3.10/site-packages/django/template/base.py", line 1005, in <listcomp>
    return SafeString("".join([node.render_annotated(context) for node in self]))
  File "/home/gbemi/.local/lib/python3.10/site-packages/django/template/base.py", line 966, in render_annotated
    return self.render(context)
  File "/home/gbemi/.local/lib/python3.10/site-packages/django/template/loader_tags.py", line 63, in render
    result = block.nodelist.render(context)
  File "/home/gbemi/.local/lib/python3.10/site-packages/django/template/base.py", line 1005, in render
    return SafeString("".join([node.render_annotated(context) for node in self]))
  File "/home/gbemi/.local/lib/python3.10/site-packages/django/template/base.py", line 1005, in <listcomp>
    return SafeString("".join([node.render_annotated(context) for node in self]))
  File "/home/gbemi/.local/lib/python3.10/site-packages/django/template/base.py", line 966, in render_annotated
    return self.render(context)
  File "/home/gbemi/.local/lib/python3.10/site-packages/django/template/base.py", line 1064, in render
    output = self.filter_expression.resolve(context)
  File "/home/gbemi/.local/lib/python3.10/site-packages/django/template/base.py", line 742, in resolve
    new_obj = func(obj, *arg_vals)
  File "/home/gbemi/.local/lib/python3.10/site-packages/crispy_forms/templatetags/crispy_forms_filters.py", line 58, in as_crispy_form
    template = uni_form_template(template_pack)
  File "/home/gbemi/.local/lib/python3.10/site-packages/crispy_forms/templatetags/crispy_forms_filters.py", line 21, in uni_form_template
    return get_template("%s/uni_form.html" % template_pack)
  File "/home/gbemi/.local/lib/python3.10/site-packages/django/template/loader.py", line 19, in get_template
    raise TemplateDoesNotExist(template_name, chain=chain)
django.template.exceptions.TemplateDoesNotExist: bootstrap4/uni_form.html

The above exception was the direct cause of the following exception:

Traceback (most recent call last):
  File "/home/gbemi/.local/lib/python3.10/site-packages/django/core/handlers/exception.py", line 55, in inner
    response = get_response(request)
  File "/home/gbemi/.local/lib/python3.10/site-packages/django/core/handlers/base.py", line 197, in _get_response
    response = wrapped_callback(request, *callback_args, **callback_kwargs)
  File "/mnt/c/Users/likwi/OneDrive/Desktop/PROJS/Quill/checkout/views.py", line 158, in checkout
    return render(request, template, context)
  File "/home/gbemi/.local/lib/python3.10/site-packages/django/shortcuts.py", line 24, in render
    content = loader.render_to_string(template_name, context, request, using=using)
  File "/home/gbemi/.local/lib/python3.10/site-packages/django/template/loader.py", line 62, in render_to_string
    return template.render(context, request)
  File "/home/gbemi/.local/lib/python3.10/site-packages/django/template/backends/django.py", line 63, in render
    reraise(exc, self.backend)
  File "/home/gbemi/.local/lib/python3.10/site-packages/django/template/backends/django.py", line 84, in reraise
    raise new from exc
django.template.exceptions.TemplateDoesNotExist: bootstrap4/uni_form.html
"GET /checkout/ HTTP/1.1" 500 207842
"GET /bag/ HTTP/1.1" 200 12040
Internal Server Error: /checkout/
Traceback (most recent call last):
  File "/home/gbemi/.local/lib/python3.10/site-packages/django/template/backends/django.py", line 61, in render
    return self.template.render(context)
  File "/home/gbemi/.local/lib/python3.10/site-packages/django/template/base.py", line 175, in render
    return self._render(context)
  File "/home/gbemi/.local/lib/python3.10/site-packages/django/template/base.py", line 167, in _render
    return self.nodelist.render(context)
  File "/home/gbemi/.local/lib/python3.10/site-packages/django/template/base.py", line 1005, in render
    return SafeString("".join([node.render_annotated(context) for node in self]))
  File "/home/gbemi/.local/lib/python3.10/site-packages/django/template/base.py", line 1005, in <listcomp>
    return SafeString("".join([node.render_annotated(context) for node in self]))
  File "/home/gbemi/.local/lib/python3.10/site-packages/django/template/base.py", line 966, in render_annotated
    return self.render(context)
  File "/home/gbemi/.local/lib/python3.10/site-packages/django/template/loader_tags.py", line 157, in render
    return compiled_parent._render(context)
  File "/home/gbemi/.local/lib/python3.10/site-packages/django/template/base.py", line 167, in _render
    return self.nodelist.render(context)
  File "/home/gbemi/.local/lib/python3.10/site-packages/django/template/base.py", line 1005, in render
    return SafeString("".join([node.render_annotated(context) for node in self]))
  File "/home/gbemi/.local/lib/python3.10/site-packages/django/template/base.py", line 1005, in <listcomp>
    return SafeString("".join([node.render_annotated(context) for node in self]))
  File "/home/gbemi/.local/lib/python3.10/site-packages/django/template/base.py", line 966, in render_annotated
    return self.render(context)
  File "/home/gbemi/.local/lib/python3.10/site-packages/django/template/loader_tags.py", line 63, in render
    result = block.nodelist.render(context)
  File "/home/gbemi/.local/lib/python3.10/site-packages/django/template/base.py", line 1005, in render
    return SafeString("".join([node.render_annotated(context) for node in self]))
  File "/home/gbemi/.local/lib/python3.10/site-packages/django/template/base.py", line 1005, in <listcomp>
    return SafeString("".join([node.render_annotated(context) for node in self]))
  File "/home/gbemi/.local/lib/python3.10/site-packages/django/template/base.py", line 966, in render_annotated
    return self.render(context)
  File "/home/gbemi/.local/lib/python3.10/site-packages/django/template/base.py", line 1064, in render
    output = self.filter_expression.resolve(context)
  File "/home/gbemi/.local/lib/python3.10/site-packages/django/template/base.py", line 742, in resolve
    new_obj = func(obj, *arg_vals)
  File "/home/gbemi/.local/lib/python3.10/site-packages/crispy_forms/templatetags/crispy_forms_filters.py", line 58, in as_crispy_form
    template = uni_form_template(template_pack)
  File "/home/gbemi/.local/lib/python3.10/site-packages/crispy_forms/templatetags/crispy_forms_filters.py", line 21, in uni_form_template
    return get_template("%s/uni_form.html" % template_pack)
  File "/home/gbemi/.local/lib/python3.10/site-packages/django/template/loader.py", line 19, in get_template
    raise TemplateDoesNotExist(template_name, chain=chain)
django.template.exceptions.TemplateDoesNotExist: bootstrap4/uni_form.html

The above exception was the direct cause of the following exception:

Traceback (most recent call last):
  File "/home/gbemi/.local/lib/python3.10/site-packages/django/core/handlers/exception.py", line 55, in inner
    response = get_response(request)
  File "/home/gbemi/.local/lib/python3.10/site-packages/django/core/handlers/base.py", line 197, in _get_response
    response = wrapped_callback(request, *callback_args, **callback_kwargs)
  File "/mnt/c/Users/likwi/OneDrive/Desktop/PROJS/Quill/checkout/views.py", line 158, in checkout
    return render(request, template, context)
  File "/home/gbemi/.local/lib/python3.10/site-packages/django/shortcuts.py", line 24, in render
    content = loader.render_to_string(template_name, context, request, using=using)
  File "/home/gbemi/.local/lib/python3.10/site-packages/django/template/loader.py", line 62, in render_to_string
    return template.render(context, request)
  File "/home/gbemi/.local/lib/python3.10/site-packages/django/template/backends/django.py", line 63, in render
    reraise(exc, self.backend)
  File "/home/gbemi/.local/lib/python3.10/site-packages/django/template/backends/django.py", line 84, in reraise
    raise new from exc
django.template.exceptions.TemplateDoesNotExist: bootstrap4/uni_form.html
"GET /checkout/ HTTP/1.1" 500 207842
/mnt/c/Users/likwi/OneDrive/Desktop/PROJS/Quill/quill/settings.py changed, reloading.
Watching for file changes with StatReloader
/mnt/c/Users/likwi/OneDrive/Desktop/PROJS/Quill/quill/settings.py changed, reloading.
Watching for file changes with StatReloader
/mnt/c/Users/likwi/OneDrive/Desktop/PROJS/Quill/quill/settings.py changed, reloading.
Watching for file changes with StatReloader
Internal Server Error: /checkout/
Traceback (most recent call last):
  File "/home/gbemi/.local/lib/python3.10/site-packages/django/template/backends/django.py", line 61, in render
    return self.template.render(context)
  File "/home/gbemi/.local/lib/python3.10/site-packages/django/template/base.py", line 175, in render
    return self._render(context)
  File "/home/gbemi/.local/lib/python3.10/site-packages/django/template/base.py", line 167, in _render
    return self.nodelist.render(context)
  File "/home/gbemi/.local/lib/python3.10/site-packages/django/template/base.py", line 1005, in render
    return SafeString("".join([node.render_annotated(context) for node in self]))
  File "/home/gbemi/.local/lib/python3.10/site-packages/django/template/base.py", line 1005, in <listcomp>
    return SafeString("".join([node.render_annotated(context) for node in self]))
  File "/home/gbemi/.local/lib/python3.10/site-packages/django/template/base.py", line 966, in render_annotated
    return self.render(context)
  File "/home/gbemi/.local/lib/python3.10/site-packages/django/template/loader_tags.py", line 157, in render
    return compiled_parent._render(context)
  File "/home/gbemi/.local/lib/python3.10/site-packages/django/template/base.py", line 167, in _render
    return self.nodelist.render(context)
  File "/home/gbemi/.local/lib/python3.10/site-packages/django/template/base.py", line 1005, in render
    return SafeString("".join([node.render_annotated(context) for node in self]))
  File "/home/gbemi/.local/lib/python3.10/site-packages/django/template/base.py", line 1005, in <listcomp>
    return SafeString("".join([node.render_annotated(context) for node in self]))
  File "/home/gbemi/.local/lib/python3.10/site-packages/django/template/base.py", line 966, in render_annotated
    return self.render(context)
  File "/home/gbemi/.local/lib/python3.10/site-packages/django/template/loader_tags.py", line 63, in render
    result = block.nodelist.render(context)
  File "/home/gbemi/.local/lib/python3.10/site-packages/django/template/base.py", line 1005, in render
    return SafeString("".join([node.render_annotated(context) for node in self]))
  File "/home/gbemi/.local/lib/python3.10/site-packages/django/template/base.py", line 1005, in <listcomp>
    return SafeString("".join([node.render_annotated(context) for node in self]))
  File "/home/gbemi/.local/lib/python3.10/site-packages/django/template/base.py", line 966, in render_annotated
    return self.render(context)
  File "/home/gbemi/.local/lib/python3.10/site-packages/django/template/base.py", line 1064, in render
    output = self.filter_expression.resolve(context)
  File "/home/gbemi/.local/lib/python3.10/site-packages/django/template/base.py", line 742, in resolve
    new_obj = func(obj, *arg_vals)
  File "/home/gbemi/.local/lib/python3.10/site-packages/crispy_forms/templatetags/crispy_forms_filters.py", line 58, in as_crispy_form
    template = uni_form_template(template_pack)
  File "/home/gbemi/.local/lib/python3.10/site-packages/crispy_forms/templatetags/crispy_forms_filters.py", line 21, in uni_form_template
    return get_template("%s/uni_form.html" % template_pack)
  File "/home/gbemi/.local/lib/python3.10/site-packages/django/template/loader.py", line 19, in get_template
    raise TemplateDoesNotExist(template_name, chain=chain)
django.template.exceptions.TemplateDoesNotExist: bootstrap4/uni_form.html

The above exception was the direct cause of the following exception:

Traceback (most recent call last):
  File "/home/gbemi/.local/lib/python3.10/site-packages/django/core/handlers/exception.py", line 55, in inner
    response = get_response(request)
  File "/home/gbemi/.local/lib/python3.10/site-packages/django/core/handlers/base.py", line 197, in _get_response
    response = wrapped_callback(request, *callback_args, **callback_kwargs)
  File "/mnt/c/Users/likwi/OneDrive/Desktop/PROJS/Quill/checkout/views.py", line 158, in checkout
    return render(request, template, context)
  File "/home/gbemi/.local/lib/python3.10/site-packages/django/shortcuts.py", line 24, in render
    content = loader.render_to_string(template_name, context, request, using=using)
  File "/home/gbemi/.local/lib/python3.10/site-packages/django/template/loader.py", line 62, in render_to_string
    return template.render(context, request)
  File "/home/gbemi/.local/lib/python3.10/site-packages/django/template/backends/django.py", line 63, in render
    reraise(exc, self.backend)
  File "/home/gbemi/.local/lib/python3.10/site-packages/django/template/backends/django.py", line 84, in reraise
    raise new from exc
django.template.exceptions.TemplateDoesNotExist: bootstrap4/uni_form.html
"GET /checkout/ HTTP/1.1" 500 207979
Internal Server Error: /checkout/
Traceback (most recent call last):
  File "/home/gbemi/.local/lib/python3.10/site-packages/django/template/backends/django.py", line 61, in render
    return self.template.render(context)
  File "/home/gbemi/.local/lib/python3.10/site-packages/django/template/base.py", line 175, in render
    return self._render(context)
  File "/home/gbemi/.local/lib/python3.10/site-packages/django/template/base.py", line 167, in _render
    return self.nodelist.render(context)
  File "/home/gbemi/.local/lib/python3.10/site-packages/django/template/base.py", line 1005, in render
    return SafeString("".join([node.render_annotated(context) for node in self]))
  File "/home/gbemi/.local/lib/python3.10/site-packages/django/template/base.py", line 1005, in <listcomp>
    return SafeString("".join([node.render_annotated(context) for node in self]))
  File "/home/gbemi/.local/lib/python3.10/site-packages/django/template/base.py", line 966, in render_annotated
    return self.render(context)
  File "/home/gbemi/.local/lib/python3.10/site-packages/django/template/loader_tags.py", line 157, in render
    return compiled_parent._render(context)
  File "/home/gbemi/.local/lib/python3.10/site-packages/django/template/base.py", line 167, in _render
    return self.nodelist.render(context)
  File "/home/gbemi/.local/lib/python3.10/site-packages/django/template/base.py", line 1005, in render
    return SafeString("".join([node.render_annotated(context) for node in self]))
  File "/home/gbemi/.local/lib/python3.10/site-packages/django/template/base.py", line 1005, in <listcomp>
    return SafeString("".join([node.render_annotated(context) for node in self]))
  File "/home/gbemi/.local/lib/python3.10/site-packages/django/template/base.py", line 966, in render_annotated
    return self.render(context)
  File "/home/gbemi/.local/lib/python3.10/site-packages/django/template/loader_tags.py", line 63, in render
    result = block.nodelist.render(context)
  File "/home/gbemi/.local/lib/python3.10/site-packages/django/template/base.py", line 1005, in render
    return SafeString("".join([node.render_annotated(context) for node in self]))
  File "/home/gbemi/.local/lib/python3.10/site-packages/django/template/base.py", line 1005, in <listcomp>
    return SafeString("".join([node.render_annotated(context) for node in self]))
  File "/home/gbemi/.local/lib/python3.10/site-packages/django/template/base.py", line 966, in render_annotated
    return self.render(context)
  File "/home/gbemi/.local/lib/python3.10/site-packages/django/template/base.py", line 1064, in render
    output = self.filter_expression.resolve(context)
  File "/home/gbemi/.local/lib/python3.10/site-packages/django/template/base.py", line 742, in resolve
    new_obj = func(obj, *arg_vals)
  File "/home/gbemi/.local/lib/python3.10/site-packages/crispy_forms/templatetags/crispy_forms_filters.py", line 58, in as_crispy_form
    template = uni_form_template(template_pack)
  File "/home/gbemi/.local/lib/python3.10/site-packages/crispy_forms/templatetags/crispy_forms_filters.py", line 21, in uni_form_template
    return get_template("%s/uni_form.html" % template_pack)
  File "/home/gbemi/.local/lib/python3.10/site-packages/django/template/loader.py", line 19, in get_template
    raise TemplateDoesNotExist(template_name, chain=chain)
django.template.exceptions.TemplateDoesNotExist: bootstrap4/uni_form.html

The above exception was the direct cause of the following exception:

Traceback (most recent call last):
  File "/home/gbemi/.local/lib/python3.10/site-packages/django/core/handlers/exception.py", line 55, in inner
    response = get_response(request)
  File "/home/gbemi/.local/lib/python3.10/site-packages/django/core/handlers/base.py", line 197, in _get_response
    response = wrapped_callback(request, *callback_args, **callback_kwargs)
  File "/mnt/c/Users/likwi/OneDrive/Desktop/PROJS/Quill/checkout/views.py", line 158, in checkout
    return render(request, template, context)
  File "/home/gbemi/.local/lib/python3.10/site-packages/django/shortcuts.py", line 24, in render
    content = loader.render_to_string(template_name, context, request, using=using)
  File "/home/gbemi/.local/lib/python3.10/site-packages/django/template/loader.py", line 62, in render_to_string
    return template.render(context, request)
  File "/home/gbemi/.local/lib/python3.10/site-packages/django/template/backends/django.py", line 63, in render
    reraise(exc, self.backend)
  File "/home/gbemi/.local/lib/python3.10/site-packages/django/template/backends/django.py", line 84, in reraise
    raise new from exc
django.template.exceptions.TemplateDoesNotExist: bootstrap4/uni_form.html
"GET /checkout/ HTTP/1.1" 500 207979
/mnt/c/Users/likwi/OneDrive/Desktop/PROJS/Quill/quill/settings.py changed, reloading.
Watching for file changes with StatReloader
/mnt/c/Users/likwi/OneDrive/Desktop/PROJS/Quill/quill/settings.py changed, reloading.
Watching for file changes with StatReloader
/mnt/c/Users/likwi/OneDrive/Desktop/PROJS/Quill/quill/settings.py changed, reloading.
Watching for file changes with StatReloader
"GET /checkout/ HTTP/1.1" 200 23576
"GET /static/css/base.css HTTP/1.1" 304 0
"GET /admin/ HTTP/1.1" 200 10680
Not Found: /favicon.ico
"GET /favicon.ico HTTP/1.1" 404 3562
/mnt/c/Users/likwi/OneDrive/Desktop/PROJS/Quill/quill/settings.py changed, reloading.
Watching for file changes with StatReloader
"GET /admin/ HTTP/1.1" 200 10680
"GET /checkout/ HTTP/1.1" 200 23576
Not Found: /static/css/base.css
"GET /static/css/base.css HTTP/1.1" 404 179
Not Found: /checkout/media/icons8-quill-pen-32.png
"GET /checkout/media/icons8-quill-pen-32.png HTTP/1.1" 404 179
"GET /checkout/ HTTP/1.1" 200 23576
Not Found: /static/css/base.css
"GET /static/css/base.css HTTP/1.1" 404 179
"GET / HTTP/1.1" 200 11773
Not Found: /static/css/base.css
"GET /static/css/base.css HTTP/1.1" 404 179
"GET /products/ HTTP/1.1" 200 24127
Not Found: /static/css/base.css
"GET /static/css/base.css HTTP/1.1" 404 179
Not Found: /static/css/products.css
"GET /static/css/products.css HTTP/1.1" 404 179
Not Found: /products/media/icons8-quill-pen-32.png
"GET /products/media/icons8-quill-pen-32.png HTTP/1.1" 404 179
"GET / HTTP/1.1" 200 11773
Not Found: /static/css/base.css
"GET /static/css/base.css HTTP/1.1" 404 179
/mnt/c/Users/likwi/OneDrive/Desktop/PROJS/Quill/quill/settings.py changed, reloading.
Watching for file changes with StatReloader
"GET / HTTP/1.1" 200 11773
"GET /static/css/base.css HTTP/1.1" 200 10401
"GET /media/Hero_Image.png HTTP/1.1" 200 2678314
"GET /media/icons8-quill-pen-32.png HTTP/1.1" 200 605
/mnt/c/Users/likwi/OneDrive/Desktop/PROJS/Quill/quill/settings.py changed, reloading.
Watching for file changes with StatReloader
/mnt/c/Users/likwi/OneDrive/Desktop/PROJS/Quill/quill/settings.py changed, reloading.
Watching for file changes with StatReloader
"GET /admin/ HTTP/1.1" 200 10680
Not Found: /favicon.ico
"GET /favicon.ico HTTP/1.1" 404 179
"GET / HTTP/1.1" 200 11773
/mnt/c/Users/likwi/OneDrive/Desktop/PROJS/Quill/quill/settings.py changed, reloading.
Watching for file changes with StatReloader
/mnt/c/Users/likwi/OneDrive/Desktop/PROJS/Quill/quill/settings.py changed, reloading.
Watching for file changes with StatReloader
/mnt/c/Users/likwi/OneDrive/Desktop/PROJS/Quill/quill/settings.py changed, reloading.
Watching for file changes with StatReloader
/mnt/c/Users/likwi/OneDrive/Desktop/PROJS/Quill/quill/settings.py changed, reloading.
Watching for file changes with StatReloader
/mnt/c/Users/likwi/OneDrive/Desktop/PROJS/Quill/quill/settings.py changed, reloading.
Watching for file changes with StatReloader
"GET / HTTP/1.1" 200 11773
"GET /static/css/base.css HTTP/1.1" 304 0
"GET /admin/ HTTP/1.1" 200 10680
/mnt/c/Users/likwi/OneDrive/Desktop/PROJS/Quill/quill/settings.py changed, reloading.
Watching for file changes with StatReloader
/mnt/c/Users/likwi/OneDrive/Desktop/PROJS/Quill/quill/settings.py changed, reloading.
Watching for file changes with StatReloader
Watching for file changes with StatReloader
Watching for file changes with StatReloader
Watching for file changes with StatReloader
"GET / HTTP/1.1" 500 59
"GET /favicon.ico HTTP/1.1" 500 59
"GET / HTTP/1.1" 500 59
"GET /favicon.ico HTTP/1.1" 500 59
"GET / HTTP/1.1" 500 59
"GET /favicon.ico HTTP/1.1" 500 59
/mnt/c/Users/likwi/OneDrive/Desktop/PROJS/Quill/quill/settings.py changed, reloading.
Watching for file changes with StatReloader
"GET / HTTP/1.1" 500 59
"GET /favicon.ico HTTP/1.1" 500 59
Watching for file changes with StatReloader
Watching for file changes with StatReloader
"GET / HTTP/1.1" 200 11464
"GET /static/css/base.css HTTP/1.1" 200 10401
"GET /media/Hero_Image.png HTTP/1.1" 200 2678314
"GET /products/ HTTP/1.1" 200 11994
"GET /static/css/products.css HTTP/1.1" 200 11931
"GET /static/js/lazyload.js HTTP/1.1" 200 1991
Not Found: /products/media/icons8-quill-pen-32.png
"GET /products/media/icons8-quill-pen-32.png HTTP/1.1" 404 4872
"GET / HTTP/1.1" 200 11464
"GET /media/icons8-quill-pen-32.png HTTP/1.1" 200 605
Internal Server Error: /products/
Traceback (most recent call last):
  File "/home/gbemi/.local/lib/python3.10/site-packages/django/core/paginator.py", line 48, in validate_number
    number = int(number)
TypeError: int() argument must be a string, a bytes-like object or a real number, not 'NoneType'

During handling of the above exception, another exception occurred:

Traceback (most recent call last):
  File "/mnt/c/Users/likwi/OneDrive/Desktop/PROJS/Quill/products/views.py", line 75, in all_products
    products = paginator.page(page)
  File "/home/gbemi/.local/lib/python3.10/site-packages/django/core/paginator.py", line 72, in page
    number = self.validate_number(number)
  File "/home/gbemi/.local/lib/python3.10/site-packages/django/core/paginator.py", line 50, in validate_number
    raise PageNotAnInteger(_("That page number is not an integer"))
django.core.paginator.PageNotAnInteger: That page number is not an integer

During handling of the above exception, another exception occurred:

Traceback (most recent call last):
  File "/home/gbemi/.local/lib/python3.10/site-packages/django/db/backends/base/base.py", line 289, in ensure_connection
    self.connect()
  File "/home/gbemi/.local/lib/python3.10/site-packages/django/utils/asyncio.py", line 26, in inner
    return func(*args, **kwargs)
  File "/home/gbemi/.local/lib/python3.10/site-packages/django/db/backends/base/base.py", line 270, in connect
    self.connection = self.get_new_connection(conn_params)
  File "/home/gbemi/.local/lib/python3.10/site-packages/django/utils/asyncio.py", line 26, in inner
    return func(*args, **kwargs)
  File "/home/gbemi/.local/lib/python3.10/site-packages/django/db/backends/postgresql/base.py", line 269, in get_new_connection
    connection = self.Database.connect(**conn_params)
  File "/home/gbemi/.local/lib/python3.10/site-packages/psycopg2/__init__.py", line 122, in connect
    conn = _connect(dsn, connection_factory=connection_factory, **kwasync)
psycopg2.OperationalError: could not translate host name "tyke.db.elephantsql.com" to address: Temporary failure in name resolution


The above exception was the direct cause of the following exception:

Traceback (most recent call last):
  File "/home/gbemi/.local/lib/python3.10/site-packages/django/core/handlers/exception.py", line 55, in inner
    response = get_response(request)
  File "/home/gbemi/.local/lib/python3.10/site-packages/django/core/handlers/base.py", line 197, in _get_response
    response = wrapped_callback(request, *callback_args, **callback_kwargs)
  File "/mnt/c/Users/likwi/OneDrive/Desktop/PROJS/Quill/products/views.py", line 77, in all_products
    products = paginator.page(1)
  File "/home/gbemi/.local/lib/python3.10/site-packages/django/core/paginator.py", line 72, in page
    number = self.validate_number(number)
  File "/home/gbemi/.local/lib/python3.10/site-packages/django/core/paginator.py", line 53, in validate_number
    if number > self.num_pages:
  File "/home/gbemi/.local/lib/python3.10/site-packages/django/utils/functional.py", line 57, in __get__
    res = instance.__dict__[self.name] = self.func(instance)
  File "/home/gbemi/.local/lib/python3.10/site-packages/django/core/paginator.py", line 99, in num_pages
    if self.count == 0 and not self.allow_empty_first_page:
  File "/home/gbemi/.local/lib/python3.10/site-packages/django/utils/functional.py", line 57, in __get__
    res = instance.__dict__[self.name] = self.func(instance)
  File "/home/gbemi/.local/lib/python3.10/site-packages/django/core/paginator.py", line 93, in count
    return c()
  File "/home/gbemi/.local/lib/python3.10/site-packages/django/db/models/query.py", line 608, in count
    return self.query.get_count(using=self.db)
  File "/home/gbemi/.local/lib/python3.10/site-packages/django/db/models/sql/query.py", line 536, in get_count
    return obj.get_aggregation(using, {"__count": Count("*")})["__count"]
  File "/home/gbemi/.local/lib/python3.10/site-packages/django/db/models/sql/query.py", line 522, in get_aggregation
    result = compiler.execute_sql(SINGLE)
  File "/home/gbemi/.local/lib/python3.10/site-packages/django/db/models/sql/compiler.py", line 1558, in execute_sql
    cursor = self.connection.cursor()
  File "/home/gbemi/.local/lib/python3.10/site-packages/django/utils/asyncio.py", line 26, in inner
    return func(*args, **kwargs)
  File "/home/gbemi/.local/lib/python3.10/site-packages/django/db/backends/base/base.py", line 330, in cursor
    return self._cursor()
  File "/home/gbemi/.local/lib/python3.10/site-packages/django/db/backends/base/base.py", line 306, in _cursor
    self.ensure_connection()
  File "/home/gbemi/.local/lib/python3.10/site-packages/django/utils/asyncio.py", line 26, in inner
    return func(*args, **kwargs)
  File "/home/gbemi/.local/lib/python3.10/site-packages/django/db/backends/base/base.py", line 288, in ensure_connection
    with self.wrap_database_errors:
  File "/home/gbemi/.local/lib/python3.10/site-packages/django/db/utils.py", line 91, in __exit__
    raise dj_exc_value.with_traceback(traceback) from exc_value
  File "/home/gbemi/.local/lib/python3.10/site-packages/django/db/backends/base/base.py", line 289, in ensure_connection
    self.connect()
  File "/home/gbemi/.local/lib/python3.10/site-packages/django/utils/asyncio.py", line 26, in inner
    return func(*args, **kwargs)
  File "/home/gbemi/.local/lib/python3.10/site-packages/django/db/backends/base/base.py", line 270, in connect
    self.connection = self.get_new_connection(conn_params)
  File "/home/gbemi/.local/lib/python3.10/site-packages/django/utils/asyncio.py", line 26, in inner
    return func(*args, **kwargs)
  File "/home/gbemi/.local/lib/python3.10/site-packages/django/db/backends/postgresql/base.py", line 269, in get_new_connection
    connection = self.Database.connect(**conn_params)
  File "/home/gbemi/.local/lib/python3.10/site-packages/psycopg2/__init__.py", line 122, in connect
    conn = _connect(dsn, connection_factory=connection_factory, **kwasync)
django.db.utils.OperationalError: could not translate host name "tyke.db.elephantsql.com" to address: Temporary failure in name resolution

Internal Server Error: /products/
Traceback (most recent call last):
  File "/home/gbemi/.local/lib/python3.10/site-packages/django/core/paginator.py", line 48, in validate_number
    number = int(number)
TypeError: int() argument must be a string, a bytes-like object or a real number, not 'NoneType'

During handling of the above exception, another exception occurred:

Traceback (most recent call last):
  File "/mnt/c/Users/likwi/OneDrive/Desktop/PROJS/Quill/products/views.py", line 75, in all_products
    products = paginator.page(page)
  File "/home/gbemi/.local/lib/python3.10/site-packages/django/core/paginator.py", line 72, in page
    number = self.validate_number(number)
  File "/home/gbemi/.local/lib/python3.10/site-packages/django/core/paginator.py", line 50, in validate_number
    raise PageNotAnInteger(_("That page number is not an integer"))
django.core.paginator.PageNotAnInteger: That page number is not an integer

During handling of the above exception, another exception occurred:

Traceback (most recent call last):
  File "/home/gbemi/.local/lib/python3.10/site-packages/django/db/backends/base/base.py", line 289, in ensure_connection
    self.connect()
  File "/home/gbemi/.local/lib/python3.10/site-packages/django/utils/asyncio.py", line 26, in inner
    return func(*args, **kwargs)
  File "/home/gbemi/.local/lib/python3.10/site-packages/django/db/backends/base/base.py", line 270, in connect
    self.connection = self.get_new_connection(conn_params)
  File "/home/gbemi/.local/lib/python3.10/site-packages/django/utils/asyncio.py", line 26, in inner
    return func(*args, **kwargs)
  File "/home/gbemi/.local/lib/python3.10/site-packages/django/db/backends/postgresql/base.py", line 269, in get_new_connection
    connection = self.Database.connect(**conn_params)
  File "/home/gbemi/.local/lib/python3.10/site-packages/psycopg2/__init__.py", line 122, in connect
    conn = _connect(dsn, connection_factory=connection_factory, **kwasync)
psycopg2.OperationalError: could not translate host name "tyke.db.elephantsql.com" to address: Temporary failure in name resolution


The above exception was the direct cause of the following exception:

Traceback (most recent call last):
  File "/home/gbemi/.local/lib/python3.10/site-packages/django/core/handlers/exception.py", line 55, in inner
    response = get_response(request)
  File "/home/gbemi/.local/lib/python3.10/site-packages/django/core/handlers/base.py", line 197, in _get_response
    response = wrapped_callback(request, *callback_args, **callback_kwargs)
  File "/mnt/c/Users/likwi/OneDrive/Desktop/PROJS/Quill/products/views.py", line 77, in all_products
    products = paginator.page(1)
  File "/home/gbemi/.local/lib/python3.10/site-packages/django/core/paginator.py", line 72, in page
    number = self.validate_number(number)
  File "/home/gbemi/.local/lib/python3.10/site-packages/django/core/paginator.py", line 53, in validate_number
    if number > self.num_pages:
  File "/home/gbemi/.local/lib/python3.10/site-packages/django/utils/functional.py", line 57, in __get__
    res = instance.__dict__[self.name] = self.func(instance)
  File "/home/gbemi/.local/lib/python3.10/site-packages/django/core/paginator.py", line 99, in num_pages
    if self.count == 0 and not self.allow_empty_first_page:
  File "/home/gbemi/.local/lib/python3.10/site-packages/django/utils/functional.py", line 57, in __get__
    res = instance.__dict__[self.name] = self.func(instance)
  File "/home/gbemi/.local/lib/python3.10/site-packages/django/core/paginator.py", line 93, in count
    return c()
  File "/home/gbemi/.local/lib/python3.10/site-packages/django/db/models/query.py", line 608, in count
    return self.query.get_count(using=self.db)
  File "/home/gbemi/.local/lib/python3.10/site-packages/django/db/models/sql/query.py", line 536, in get_count
    return obj.get_aggregation(using, {"__count": Count("*")})["__count"]
  File "/home/gbemi/.local/lib/python3.10/site-packages/django/db/models/sql/query.py", line 522, in get_aggregation
    result = compiler.execute_sql(SINGLE)
  File "/home/gbemi/.local/lib/python3.10/site-packages/django/db/models/sql/compiler.py", line 1558, in execute_sql
    cursor = self.connection.cursor()
  File "/home/gbemi/.local/lib/python3.10/site-packages/django/utils/asyncio.py", line 26, in inner
    return func(*args, **kwargs)
  File "/home/gbemi/.local/lib/python3.10/site-packages/django/db/backends/base/base.py", line 330, in cursor
    return self._cursor()
  File "/home/gbemi/.local/lib/python3.10/site-packages/django/db/backends/base/base.py", line 306, in _cursor
    self.ensure_connection()
  File "/home/gbemi/.local/lib/python3.10/site-packages/django/utils/asyncio.py", line 26, in inner
    return func(*args, **kwargs)
  File "/home/gbemi/.local/lib/python3.10/site-packages/django/db/backends/base/base.py", line 288, in ensure_connection
    with self.wrap_database_errors:
  File "/home/gbemi/.local/lib/python3.10/site-packages/django/db/utils.py", line 91, in __exit__
    raise dj_exc_value.with_traceback(traceback) from exc_value
  File "/home/gbemi/.local/lib/python3.10/site-packages/django/db/backends/base/base.py", line 289, in ensure_connection
    self.connect()
  File "/home/gbemi/.local/lib/python3.10/site-packages/django/utils/asyncio.py", line 26, in inner
    return func(*args, **kwargs)
  File "/home/gbemi/.local/lib/python3.10/site-packages/django/db/backends/base/base.py", line 270, in connect
    self.connection = self.get_new_connection(conn_params)
  File "/home/gbemi/.local/lib/python3.10/site-packages/django/utils/asyncio.py", line 26, in inner
    return func(*args, **kwargs)
  File "/home/gbemi/.local/lib/python3.10/site-packages/django/db/backends/postgresql/base.py", line 269, in get_new_connection
    connection = self.Database.connect(**conn_params)
  File "/home/gbemi/.local/lib/python3.10/site-packages/psycopg2/__init__.py", line 122, in connect
    conn = _connect(dsn, connection_factory=connection_factory, **kwasync)
django.db.utils.OperationalError: could not translate host name "tyke.db.elephantsql.com" to address: Temporary failure in name resolution

"GET /products/?category=medical HTTP/1.1" 500 208165
Not Found: /favicon.ico
"GET /favicon.ico HTTP/1.1" 404 3562
"GET / HTTP/1.1" 200 11464
"GET /products/ HTTP/1.1" 200 11994
"GET / HTTP/1.1" 200 11464
"GET /products/?category=medical HTTP/1.1" 200 11994
"GET /products/?category=biography HTTP/1.1" 200 11994
"GET /products/?category=computing HTTP/1.1" 200 11994
"GET /products/?category=crime-thriller HTTP/1.1" 200 11994
"GET /products/?category=crime-thriller HTTP/1.1" 200 11994
/mnt/c/Users/likwi/OneDrive/Desktop/PROJS/Quill/quill/settings.py changed, reloading.
Watching for file changes with StatReloader
"GET /products/?category=crime-thriller HTTP/1.1" 200 11994
"GET / HTTP/1.1" 200 11464
"GET /products/ HTTP/1.1" 200 11994
"GET /products/?category=medical HTTP/1.1" 200 11994
"GET /products/?category=biography HTTP/1.1" 200 11994
"GET /admin/ HTTP/1.1" 302 0
"GET /admin/login/?next=/admin/ HTTP/1.1" 200 4181
"GET /static/admin/css/dark_mode.css HTTP/1.1" 200 2929
"GET /static/admin/css/nav_sidebar.css HTTP/1.1" 200 2694
"GET /static/admin/css/base.css HTTP/1.1" 200 21207
"GET /static/admin/css/login.css HTTP/1.1" 200 958
"GET /static/admin/css/responsive.css HTTP/1.1" 200 18557
"GET /static/admin/js/theme.js HTTP/1.1" 200 1943
"GET /static/admin/js/nav_sidebar.js HTTP/1.1" 200 3063
"POST /admin/login/?next=/admin/ HTTP/1.1" 200 4342
"POST /admin/login/?next=/admin/ HTTP/1.1" 200 4342
"POST /admin/login/?next=/admin/ HTTP/1.1" 200 4342
"POST /admin/login/?next=/admin/ HTTP/1.1" 200 4342
"POST /admin/login/?next=/admin/ HTTP/1.1" 302 0
"GET /admin/ HTTP/1.1" 200 10087
"GET /static/admin/css/dashboard.css HTTP/1.1" 200 441
"GET /static/admin/img/icon-addlink.svg HTTP/1.1" 200 331
"GET /static/admin/img/icon-changelink.svg HTTP/1.1" 200 380
"GET /admin/auth/group/ HTTP/1.1" 200 10693
"GET /static/admin/css/changelists.css HTTP/1.1" 200 6584
"GET /static/admin/js/jquery.init.js HTTP/1.1" 200 347
"GET /static/admin/js/actions.js HTTP/1.1" 200 7872
"GET /static/admin/js/core.js HTTP/1.1" 200 5682
"GET /static/admin/js/admin/RelatedObjectLookups.js HTTP/1.1" 200 8943
"GET /static/admin/js/urlify.js HTTP/1.1" 200 7887
"GET /static/admin/js/prepopulate.js HTTP/1.1" 200 1531
"GET /static/admin/js/vendor/jquery/jquery.js HTTP/1.1" 200 292458
"GET /static/admin/js/vendor/xregexp/xregexp.js HTTP/1.1" 200 232381
"GET /static/admin/img/search.svg HTTP/1.1" 200 458
"GET /static/admin/js/filters.js HTTP/1.1" 200 978
"GET /admin/jsi18n/ HTTP/1.1" 200 3343
"GET /static/admin/img/tooltag-add.svg HTTP/1.1" 200 331
"GET /admin/auth/user/ HTTP/1.1" 200 13899
"GET /static/admin/img/icon-yes.svg HTTP/1.1" 200 436
"GET /admin/jsi18n/ HTTP/1.1" 200 3343
"GET /static/admin/img/sorting-icons.svg HTTP/1.1" 200 1097
"GET /admin/products/author/ HTTP/1.1" 200 10688
"GET /admin/jsi18n/ HTTP/1.1" 200 3343
"GET /admin/products/category/ HTTP/1.1" 200 10704
"GET /admin/jsi18n/ HTTP/1.1" 200 3343
"GET /admin/products/product/ HTTP/1.1" 200 11165
"GET /admin/jsi18n/ HTTP/1.1" 200 3343
"GET / HTTP/1.1" 200 11773
"GET /products/ HTTP/1.1" 200 24155
"GET /products/?page=2 HTTP/1.1" 200 24597
"GET /products/?page=2&sort=name&direction=desc HTTP/1.1" 200 24459
"GET /products/?page=2&sort=name&direction=asc HTTP/1.1" 200 24597
"GET /products/ HTTP/1.1" 200 24155
"GET /products/?category=medical HTTP/1.1" 200 23977
"GET /products/?category=biography HTTP/1.1" 200 23788
"GET /admin HTTP/1.1" 301 0
"GET /admin/ HTTP/1.1" 200 10087
Not Found: /favicon.ico
"GET /favicon.ico HTTP/1.1" 404 3562
"GET / HTTP/1.1" 200 11773
"GET /products/?category=computing HTTP/1.1" 200 23935
Not Found: /products/media/icons8-quill-pen-32.png
"GET /products/media/icons8-quill-pen-32.png HTTP/1.1" 404 4872
"GET /admin/ HTTP/1.1" 200 10087
/mnt/c/Users/likwi/OneDrive/Desktop/PROJS/Quill/quill/settings.py changed, reloading.
Watching for file changes with StatReloader
/mnt/c/Users/likwi/OneDrive/Desktop/PROJS/Quill/quill/settings.py changed, reloading.
Watching for file changes with StatReloader
/mnt/c/Users/likwi/OneDrive/Desktop/PROJS/Quill/quill/settings.py changed, reloading.
Watching for file changes with StatReloader
/mnt/c/Users/likwi/OneDrive/Desktop/PROJS/Quill/quill/settings.py changed, reloading.
Watching for file changes with StatReloader
"GET / HTTP/1.1" 200 11773
